 ****************** Start WS v. 1.61 at 2017-04-03 11:34:43 ******************
 
 inputs from xoppy
 energy   6.040 GeV   current 200.0 mA
 period   5.399  cm   N        18.0      Kx      0.000      Ky      5.040
 emin    2000.0  eV   emax  50000.0 eV   ne        500
 d       30.000   m   xpc     0.000 mm   ypc     0.000 mm
 xps      1.000  mm   yps     1.000 mm   nxp        50      nyp        50
 
 b0       1.000   T   ec0    24.258  keV
 e1      468.39  eV   l1     26.470  A
 ptot    4484.5   W   pd       57.5  W/mm^2
 
 Flux through   1.000 mm x  1.000 mm pinhole at  0.000 mm,  0.000 mm @ 30.000 m:
 Integrated flux   1.377E+16 ph/s
 Integrated power      36.64 W
 
 Energy(eV)   Flux(ph/s/0.1%bw)    p1      p2      p3      p4
   2000.000   2.072446E+012     0.994   0.000   0.000   0.006
   2096.192   2.134272E+012     0.994   0.000   0.000   0.006
   2192.385   2.194797E+012     0.994   0.000   0.000   0.006
   2288.577   2.254082E+012     0.993   0.000   0.000   0.007
   2384.770   2.312185E+012     0.993   0.000   0.000   0.007
   2480.962   2.369156E+012     0.993   0.000   0.000   0.007
   2577.154   2.425042E+012     0.993   0.000   0.000   0.007
   2673.347   2.479885E+012     0.993   0.000   0.000   0.007
   2769.539   2.533725E+012     0.993   0.000   0.000   0.007
   2865.731   2.586598E+012     0.993   0.000   0.000   0.007
   2961.924   2.638537E+012     0.992   0.000   0.000   0.008
   3058.116   2.689575E+012     0.992   0.000   0.000   0.008
   3154.309   2.739739E+012     0.992   0.000   0.000   0.008
   3250.501   2.789058E+012     0.992   0.000   0.000   0.008
   3346.693   2.837556E+012     0.992   0.000   0.000   0.008
   3442.886   2.885258E+012     0.992   0.000   0.000   0.008
   3539.078   2.932185E+012     0.992   0.000   0.000   0.008
   3635.271   2.978359E+012     0.992   0.000   0.000   0.008
   3731.463   3.023800E+012     0.992   0.000   0.000   0.008
   3827.655   3.068526E+012     0.991   0.000   0.000   0.009
   3923.848   3.112555E+012     0.991   0.000   0.000   0.009
   4020.040   3.155904E+012     0.991   0.000   0.000   0.009
   4116.232   3.198590E+012     0.991   0.000   0.000   0.009
   4212.425   3.240627E+012     0.991   0.000   0.000   0.009
   4308.617   3.282029E+012     0.991   0.000   0.000   0.009
   4404.810   3.322811E+012     0.991   0.000   0.000   0.009
   4501.002   3.362987E+012     0.991   0.000   0.000   0.009
   4597.194   3.402567E+012     0.991   0.000   0.000   0.009
   4693.387   3.441565E+012     0.991   0.000   0.000   0.009
   4789.579   3.479993E+012     0.991   0.000   0.000   0.009
   4885.772   3.517860E+012     0.990   0.000   0.000   0.010
   4981.964   3.555178E+012     0.990   0.000   0.000   0.010
   5078.156   3.591958E+012     0.990   0.000   0.000   0.010
   5174.349   3.628208E+012     0.990   0.000   0.000   0.010
   5270.541   3.663940E+012     0.990   0.000   0.000   0.010
   5366.733   3.699160E+012     0.990   0.000   0.000   0.010
   5462.926   3.733879E+012     0.990   0.000   0.000   0.010
   5559.118   3.768106E+012     0.990   0.000   0.000   0.010
   5655.311   3.801847E+012     0.990   0.000   0.000   0.010
   5751.503   3.835112E+012     0.990   0.000   0.000   0.010
   5847.695   3.867907E+012     0.990   0.000   0.000   0.010
   5943.888   3.900241E+012     0.990   0.000   0.000   0.010
   6040.080   3.932120E+012     0.990   0.000   0.000   0.010
   6136.273   3.963552E+012     0.989   0.000   0.000   0.011
   6232.465   3.994544E+012     0.989   0.000   0.000   0.011
   6328.657   4.025101E+012     0.989   0.000   0.000   0.011
   6424.850   4.055231E+012     0.989   0.000   0.000   0.011
   6521.042   4.084939E+012     0.989   0.000   0.000   0.011
   6617.234   4.114232E+012     0.989   0.000   0.000   0.011
   6713.427   4.143116E+012     0.989   0.000   0.000   0.011
   6809.619   4.171596E+012     0.989   0.000   0.000   0.011
   6905.812   4.199678E+012     0.989   0.000   0.000   0.011
   7002.004   4.227367E+012     0.989   0.000   0.000   0.011
   7098.196   4.254668E+012     0.989   0.000   0.000   0.011
   7194.389   4.281588E+012     0.989   0.000   0.000   0.011
   7290.581   4.308131E+012     0.989   0.000   0.000   0.011
   7386.774   4.334301E+012     0.989   0.000   0.000   0.011
   7482.966   4.360104E+012     0.989   0.000   0.000   0.011
   7579.158   4.385544E+012     0.989   0.000   0.000   0.011
   7675.351   4.410626E+012     0.988   0.000   0.000   0.012
   7771.543   4.435355E+012     0.988   0.000   0.000   0.012
   7867.735   4.459734E+012     0.988   0.000   0.000   0.012
   7963.928   4.483769E+012     0.988   0.000   0.000   0.012
   8060.120   4.507463E+012     0.988   0.000   0.000   0.012
   8156.313   4.530820E+012     0.988   0.000   0.000   0.012
   8252.505   4.553845E+012     0.988   0.000   0.000   0.012
   8348.697   4.576541E+012     0.988   0.000   0.000   0.012
   8444.890   4.598913E+012     0.988   0.000   0.000   0.012
   8541.082   4.620964E+012     0.988   0.000   0.000   0.012
   8637.275   4.642698E+012     0.988   0.000   0.000   0.012
   8733.467   4.664118E+012     0.988   0.000   0.000   0.012
   8829.659   4.685228E+012     0.988   0.000   0.000   0.012
   8925.852   4.706032E+012     0.988   0.000   0.000   0.012
   9022.044   4.726533E+012     0.988   0.000   0.000   0.012
   9118.236   4.746735E+012     0.988   0.000   0.000   0.012
   9214.429   4.766640E+012     0.988   0.000   0.000   0.012
   9310.621   4.786252E+012     0.988   0.000   0.000   0.012
   9406.814   4.805575E+012     0.987   0.000   0.000   0.013
   9503.006   4.824611E+012     0.987   0.000   0.000   0.013
   9599.198   4.843364E+012     0.987   0.000   0.000   0.013
   9695.391   4.861837E+012     0.987   0.000   0.000   0.013
   9791.583   4.880032E+012     0.987   0.000   0.000   0.013
   9887.776   4.897953E+012     0.987   0.000   0.000   0.013
   9983.968   4.915602E+012     0.987   0.000   0.000   0.013
  10080.160   4.932983E+012     0.987   0.000   0.000   0.013
  10176.353   4.950098E+012     0.987   0.000   0.000   0.013
  10272.545   4.966950E+012     0.987   0.000   0.000   0.013
  10368.737   4.983542E+012     0.987   0.000   0.000   0.013
  10464.930   4.999876E+012     0.987   0.000   0.000   0.013
  10561.122   5.015955E+012     0.987   0.000   0.000   0.013
  10657.315   5.031783E+012     0.987   0.000   0.000   0.013
  10753.507   5.047360E+012     0.987   0.000   0.000   0.013
  10849.699   5.062690E+012     0.987   0.000   0.000   0.013
  10945.892   5.077776E+012     0.987   0.000   0.000   0.013
  11042.084   5.092619E+012     0.987   0.000   0.000   0.013
  11138.277   5.107222E+012     0.987   0.000   0.000   0.013
  11234.469   5.121589E+012     0.987   0.000   0.000   0.013
  11330.661   5.135720E+012     0.987   0.000   0.000   0.013
  11426.854   5.149618E+012     0.987   0.000   0.000   0.013
  11523.046   5.163287E+012     0.987   0.000   0.000   0.013
  11619.238   5.176727E+012     0.987   0.000   0.000   0.013
  11715.431   5.189941E+012     0.986   0.000   0.000   0.014
  11811.623   5.202932E+012     0.986   0.000   0.000   0.014
  11907.816   5.215701E+012     0.986   0.000   0.000   0.014
  12004.008   5.228251E+012     0.986   0.000   0.000   0.014
  12100.200   5.240583E+012     0.986   0.000   0.000   0.014
  12196.393   5.252701E+012     0.986   0.000   0.000   0.014
  12292.585   5.264606E+012     0.986   0.000   0.000   0.014
  12388.778   5.276300E+012     0.986   0.000   0.000   0.014
  12484.970   5.287784E+012     0.986   0.000   0.000   0.014
  12581.162   5.299062E+012     0.986   0.000   0.000   0.014
  12677.355   5.310135E+012     0.986   0.000   0.000   0.014
  12773.547   5.321006E+012     0.986   0.000   0.000   0.014
  12869.739   5.331675E+012     0.986   0.000   0.000   0.014
  12965.932   5.342144E+012     0.986   0.000   0.000   0.014
  13062.124   5.352417E+012     0.986   0.000   0.000   0.014
  13158.317   5.362494E+012     0.986   0.000   0.000   0.014
  13254.509   5.372378E+012     0.986   0.000   0.000   0.014
  13350.701   5.382070E+012     0.986   0.000   0.000   0.014
  13446.894   5.391572E+012     0.986   0.000   0.000   0.014
  13543.086   5.400886E+012     0.986   0.000   0.000   0.014
  13639.279   5.410014E+012     0.986   0.000   0.000   0.014
  13735.471   5.418957E+012     0.986   0.000   0.000   0.014
  13831.663   5.427717E+012     0.986   0.000   0.000   0.014
  13927.856   5.436295E+012     0.986   0.000   0.000   0.014
  14024.048   5.444695E+012     0.986   0.000   0.000   0.014
  14120.240   5.452916E+012     0.986   0.000   0.000   0.014
  14216.433   5.460961E+012     0.986   0.000   0.000   0.014
  14312.625   5.468832E+012     0.986   0.000   0.000   0.014
  14408.818   5.476529E+012     0.985   0.000   0.000   0.015
  14505.010   5.484055E+012     0.985   0.000   0.000   0.015
  14601.202   5.491412E+012     0.985   0.000   0.000   0.015
  14697.395   5.498600E+012     0.985   0.000   0.000   0.015
  14793.587   5.505621E+012     0.985   0.000   0.000   0.015
  14889.780   5.512478E+012     0.985   0.000   0.000   0.015
  14985.972   5.519170E+012     0.985   0.000   0.000   0.015
  15082.164   5.525701E+012     0.985   0.000   0.000   0.015
  15178.357   5.532070E+012     0.985   0.000   0.000   0.015
  15274.549   5.538281E+012     0.985   0.000   0.000   0.015
  15370.741   5.544334E+012     0.985   0.000   0.000   0.015
  15466.934   5.550230E+012     0.985   0.000   0.000   0.015
  15563.126   5.555972E+012     0.985   0.000   0.000   0.015
  15659.319   5.561560E+012     0.985   0.000   0.000   0.015
  15755.511   5.566996E+012     0.985   0.000   0.000   0.015
  15851.703   5.572282E+012     0.985   0.000   0.000   0.015
  15947.896   5.577418E+012     0.985   0.000   0.000   0.015
  16044.088   5.582406E+012     0.985   0.000   0.000   0.015
  16140.281   5.587248E+012     0.985   0.000   0.000   0.015
  16236.473   5.591944E+012     0.985   0.000   0.000   0.015
  16332.665   5.596497E+012     0.985   0.000   0.000   0.015
  16428.858   5.600907E+012     0.985   0.000   0.000   0.015
  16525.050   5.605175E+012     0.985   0.000   0.000   0.015
  16621.242   5.609303E+012     0.985   0.000   0.000   0.015
  16717.435   5.613293E+012     0.985   0.000   0.000   0.015
  16813.627   5.617145E+012     0.985   0.000   0.000   0.015
  16909.820   5.620861E+012     0.985   0.000   0.000   0.015
  17006.012   5.624441E+012     0.985   0.000   0.000   0.015
  17102.204   5.627888E+012     0.985   0.000   0.000   0.015
  17198.397   5.631203E+012     0.985   0.000   0.000   0.015
  17294.589   5.634385E+012     0.985   0.000   0.000   0.015
  17390.782   5.637438E+012     0.985   0.000   0.000   0.015
  17486.974   5.640362E+012     0.985   0.000   0.000   0.015
  17583.166   5.643158E+012     0.985   0.000   0.000   0.015
  17679.359   5.645827E+012     0.985   0.000   0.000   0.015
  17775.551   5.648370E+012     0.985   0.000   0.000   0.015
  17871.743   5.650789E+012     0.985   0.000   0.000   0.015
  17967.936   5.653085E+012     0.984   0.000   0.000   0.016
  18064.128   5.655259E+012     0.984   0.000   0.000   0.016
  18160.321   5.657311E+012     0.984   0.000   0.000   0.016
  18256.513   5.659244E+012     0.984   0.000   0.000   0.016
  18352.705   5.661058E+012     0.984   0.000   0.000   0.016
  18448.898   5.662754E+012     0.984   0.000   0.000   0.016
  18545.090   5.664333E+012     0.984   0.000   0.000   0.016
  18641.283   5.665797E+012     0.984   0.000   0.000   0.016
  18737.475   5.667146E+012     0.984   0.000   0.000   0.016
  18833.667   5.668381E+012     0.984   0.000   0.000   0.016
  18929.860   5.669504E+012     0.984   0.000   0.000   0.016
  19026.052   5.670516E+012     0.984   0.000   0.000   0.016
  19122.244   5.671417E+012     0.984   0.000   0.000   0.016
  19218.437   5.672209E+012     0.984   0.000   0.000   0.016
  19314.629   5.672892E+012     0.984   0.000   0.000   0.016
  19410.822   5.673467E+012     0.984   0.000   0.000   0.016
  19507.014   5.673936E+012     0.984   0.000   0.000   0.016
  19603.206   5.674300E+012     0.984   0.000   0.000   0.016
  19699.399   5.674559E+012     0.984   0.000   0.000   0.016
  19795.591   5.674715E+012     0.984   0.000   0.000   0.016
  19891.784   5.674768E+012     0.984   0.000   0.000   0.016
  19987.976   5.674719E+012     0.984   0.000   0.000   0.016
  20084.168   5.674569E+012     0.984   0.000   0.000   0.016
  20180.361   5.674320E+012     0.984   0.000   0.000   0.016
  20276.553   5.673972E+012     0.984   0.000   0.000   0.016
  20372.745   5.673526E+012     0.984   0.000   0.000   0.016
  20468.938   5.672982E+012     0.984   0.000   0.000   0.016
  20565.130   5.672343E+012     0.984   0.000   0.000   0.016
  20661.323   5.671608E+012     0.984   0.000   0.000   0.016
  20757.515   5.670779E+012     0.984   0.000   0.000   0.016
  20853.707   5.669856E+012     0.984   0.000   0.000   0.016
  20949.900   5.668840E+012     0.984   0.000   0.000   0.016
  21046.092   5.667733E+012     0.984   0.000   0.000   0.016
  21142.285   5.666535E+012     0.984   0.000   0.000   0.016
  21238.477   5.665247E+012     0.984   0.000   0.000   0.016
  21334.669   5.663869E+012     0.984   0.000   0.000   0.016
  21430.862   5.662403E+012     0.984   0.000   0.000   0.016
  21527.054   5.660849E+012     0.984   0.000   0.000   0.016
  21623.246   5.659209E+012     0.984   0.000   0.000   0.016
  21719.439   5.657483E+012     0.984   0.000   0.000   0.016
  21815.631   5.655671E+012     0.984   0.000   0.000   0.016
  21911.824   5.653775E+012     0.984   0.000   0.000   0.016
  22008.016   5.651796E+012     0.984   0.000   0.000   0.016
  22104.208   5.649734E+012     0.984   0.000   0.000   0.016
  22200.401   5.647590E+012     0.984   0.000   0.000   0.016
  22296.593   5.645364E+012     0.984   0.000   0.000   0.016
  22392.786   5.643058E+012     0.984   0.000   0.000   0.016
  22488.978   5.640673E+012     0.984   0.000   0.000   0.016
  22585.170   5.638208E+012     0.983   0.000   0.000   0.017
  22681.363   5.635666E+012     0.983   0.000   0.000   0.017
  22777.555   5.633046E+012     0.983   0.000   0.000   0.017
  22873.747   5.630349E+012     0.983   0.000   0.000   0.017
  22969.940   5.627576E+012     0.983   0.000   0.000   0.017
  23066.132   5.624729E+012     0.983   0.000   0.000   0.017
  23162.325   5.621806E+012     0.983   0.000   0.000   0.017
  23258.517   5.618810E+012     0.983   0.000   0.000   0.017
  23354.709   5.615741E+012     0.983   0.000   0.000   0.017
  23450.902   5.612599E+012     0.983   0.000   0.000   0.017
  23547.094   5.609386E+012     0.983   0.000   0.000   0.017
  23643.287   5.606102E+012     0.983   0.000   0.000   0.017
  23739.479   5.602748E+012     0.983   0.000   0.000   0.017
  23835.671   5.599324E+012     0.983   0.000   0.000   0.017
  23931.864   5.595831E+012     0.983   0.000   0.000   0.017
  24028.056   5.592270E+012     0.983   0.000   0.000   0.017
  24124.248   5.588641E+012     0.983   0.000   0.000   0.017
  24220.441   5.584945E+012     0.983   0.000   0.000   0.017
  24316.633   5.581183E+012     0.983   0.000   0.000   0.017
  24412.826   5.577356E+012     0.983   0.000   0.000   0.017
  24509.018   5.573464E+012     0.983   0.000   0.000   0.017
  24605.210   5.569507E+012     0.983   0.000   0.000   0.017
  24701.403   5.565487E+012     0.983   0.000   0.000   0.017
  24797.595   5.561404E+012     0.983   0.000   0.000   0.017
  24893.788   5.557258E+012     0.983   0.000   0.000   0.017
  24989.980   5.553050E+012     0.983   0.000   0.000   0.017
  25086.172   5.548782E+012     0.983   0.000   0.000   0.017
  25182.365   5.544453E+012     0.983   0.000   0.000   0.017
  25278.557   5.540064E+012     0.983   0.000   0.000   0.017
  25374.749   5.535615E+012     0.983   0.000   0.000   0.017
  25470.942   5.531108E+012     0.983   0.000   0.000   0.017
  25567.134   5.526543E+012     0.983   0.000   0.000   0.017
  25663.327   5.521920E+012     0.983   0.000   0.000   0.017
  25759.519   5.517241E+012     0.983   0.000   0.000   0.017
  25855.711   5.512505E+012     0.983   0.000   0.000   0.017
  25951.904   5.507713E+012     0.983   0.000   0.000   0.017
  26048.096   5.502866E+012     0.983   0.000   0.000   0.017
  26144.289   5.497965E+012     0.983   0.000   0.000   0.017
  26240.481   5.493009E+012     0.983   0.000   0.000   0.017
  26336.673   5.488000E+012     0.983   0.000   0.000   0.017
  26432.866   5.482938E+012     0.983   0.000   0.000   0.017
  26529.058   5.477823E+012     0.983   0.000   0.000   0.017
  26625.251   5.472657E+012     0.983   0.000   0.000   0.017
  26721.443   5.467439E+012     0.983   0.000   0.000   0.017
  26817.635   5.462171E+012     0.983   0.000   0.000   0.017
  26913.828   5.456853E+012     0.983   0.000   0.000   0.017
  27010.020   5.451484E+012     0.983   0.000   0.000   0.017
  27106.212   5.446067E+012     0.983   0.000   0.000   0.017
  27202.405   5.440601E+012     0.983   0.000   0.000   0.017
  27298.597   5.435087E+012     0.983   0.000   0.000   0.017
  27394.790   5.429525E+012     0.983   0.000   0.000   0.017
  27490.982   5.423916E+012     0.983   0.000   0.000   0.017
  27587.174   5.418261E+012     0.983   0.000   0.000   0.017
  27683.367   5.412559E+012     0.983   0.000   0.000   0.017
  27779.559   5.406812E+012     0.983   0.000   0.000   0.017
  27875.752   5.401020E+012     0.983   0.000   0.000   0.017
  27971.944   5.395183E+012     0.983   0.000   0.000   0.017
  28068.136   5.389302E+012     0.983   0.000   0.000   0.017
  28164.329   5.383378E+012     0.983   0.000   0.000   0.017
  28260.521   5.377410E+012     0.983   0.000   0.000   0.017
  28356.713   5.371400E+012     0.983   0.000   0.000   0.017
  28452.906   5.365348E+012     0.983   0.000   0.000   0.017
  28549.098   5.359254E+012     0.983   0.000   0.000   0.017
  28645.291   5.353118E+012     0.983   0.000   0.000   0.017
  28741.483   5.346942E+012     0.983   0.000   0.000   0.017
  28837.675   5.340726E+012     0.982   0.000   0.000   0.018
  28933.868   5.334470E+012     0.982   0.000   0.000   0.018
  29030.060   5.328174E+012     0.982   0.000   0.000   0.018
  29126.253   5.321840E+012     0.982   0.000   0.000   0.018
  29222.445   5.315467E+012     0.982   0.000   0.000   0.018
  29318.637   5.309056E+012     0.982   0.000   0.000   0.018
  29414.830   5.302607E+012     0.982   0.000   0.000   0.018
  29511.022   5.296121E+012     0.982   0.000   0.000   0.018
  29607.214   5.289599E+012     0.982   0.000   0.000   0.018
  29703.407   5.283040E+012     0.982   0.000   0.000   0.018
  29799.599   5.276445E+012     0.982   0.000   0.000   0.018
  29895.792   5.269815E+012     0.982   0.000   0.000   0.018
  29991.984   5.263150E+012     0.982   0.000   0.000   0.018
  30088.176   5.256450E+012     0.982   0.000   0.000   0.018
  30184.369   5.249716E+012     0.982   0.000   0.000   0.018
  30280.561   5.242948E+012     0.982   0.000   0.000   0.018
  30376.754   5.236147E+012     0.982   0.000   0.000   0.018
  30472.946   5.229313E+012     0.982   0.000   0.000   0.018
  30569.138   5.222446E+012     0.982   0.000   0.000   0.018
  30665.331   5.215547E+012     0.982   0.000   0.000   0.018
  30761.523   5.208616E+012     0.982   0.000   0.000   0.018
  30857.715   5.201654E+012     0.982   0.000   0.000   0.018
  30953.908   5.194661E+012     0.982   0.000   0.000   0.018
  31050.100   5.187638E+012     0.982   0.000   0.000   0.018
  31146.293   5.180584E+012     0.982   0.000   0.000   0.018
  31242.485   5.173500E+012     0.982   0.000   0.000   0.018
  31338.677   5.166387E+012     0.982   0.000   0.000   0.018
  31434.870   5.159245E+012     0.982   0.000   0.000   0.018
  31531.062   5.152074E+012     0.982   0.000   0.000   0.018
  31627.255   5.144875E+012     0.982   0.000   0.000   0.018
  31723.447   5.137648E+012     0.982   0.000   0.000   0.018
  31819.639   5.130393E+012     0.982   0.000   0.000   0.018
  31915.832   5.123111E+012     0.982   0.000   0.000   0.018
  32012.024   5.115802E+012     0.982   0.000   0.000   0.018
  32108.216   5.108467E+012     0.982   0.000   0.000   0.018
  32204.409   5.101105E+012     0.982   0.000   0.000   0.018
  32300.601   5.093718E+012     0.982   0.000   0.000   0.018
  32396.794   5.086305E+012     0.982   0.000   0.000   0.018
  32492.986   5.078867E+012     0.982   0.000   0.000   0.018
  32589.178   5.071404E+012     0.982   0.000   0.000   0.018
  32685.371   5.063917E+012     0.982   0.000   0.000   0.018
  32781.563   5.056406E+012     0.982   0.000   0.000   0.018
  32877.756   5.048871E+012     0.982   0.000   0.000   0.018
  32973.948   5.041312E+012     0.982   0.000   0.000   0.018
  33070.140   5.033731E+012     0.982   0.000   0.000   0.018
  33166.333   5.026126E+012     0.982   0.000   0.000   0.018
  33262.525   5.018500E+012     0.982   0.000   0.000   0.018
  33358.717   5.010851E+012     0.982   0.000   0.000   0.018
  33454.910   5.003180E+012     0.982   0.000   0.000   0.018
  33551.102   4.995488E+012     0.982   0.000   0.000   0.018
  33647.295   4.987775E+012     0.982   0.000   0.000   0.018
  33743.487   4.980041E+012     0.982   0.000   0.000   0.018
  33839.679   4.972286E+012     0.982   0.000   0.000   0.018
  33935.872   4.964511E+012     0.982   0.000   0.000   0.018
  34032.064   4.956716E+012     0.982   0.000   0.000   0.018
  34128.257   4.948902E+012     0.982   0.000   0.000   0.018
  34224.449   4.941068E+012     0.982   0.000   0.000   0.018
  34320.641   4.933216E+012     0.982   0.000   0.000   0.018
  34416.834   4.925344E+012     0.982   0.000   0.000   0.018
  34513.026   4.917454E+012     0.982   0.000   0.000   0.018
  34609.218   4.909546E+012     0.982   0.000   0.000   0.018
  34705.411   4.901620E+012     0.982   0.000   0.000   0.018
  34801.603   4.893677E+012     0.982   0.000   0.000   0.018
  34897.796   4.885716E+012     0.982   0.000   0.000   0.018
  34993.988   4.877739E+012     0.982   0.000   0.000   0.018
  35090.180   4.869744E+012     0.982   0.000   0.000   0.018
  35186.373   4.861734E+012     0.982   0.000   0.000   0.018
  35282.565   4.853707E+012     0.982   0.000   0.000   0.018
  35378.758   4.845664E+012     0.982   0.000   0.000   0.018
  35474.950   4.837606E+012     0.982   0.000   0.000   0.018
  35571.142   4.829532E+012     0.982   0.000   0.000   0.018
  35667.335   4.821443E+012     0.982   0.000   0.000   0.018
  35763.527   4.813340E+012     0.982   0.000   0.000   0.018
  35859.719   4.805222E+012     0.982   0.000   0.000   0.018
  35955.912   4.797089E+012     0.982   0.000   0.000   0.018
  36052.104   4.788943E+012     0.982   0.000   0.000   0.018
  36148.297   4.780783E+012     0.982   0.000   0.000   0.018
  36244.489   4.772610E+012     0.982   0.000   0.000   0.018
  36340.681   4.764423E+012     0.982   0.000   0.000   0.018
  36436.874   4.756223E+012     0.982   0.000   0.000   0.018
  36533.066   4.748011E+012     0.982   0.000   0.000   0.018
  36629.259   4.739786E+012     0.982   0.000   0.000   0.018
  36725.451   4.731549E+012     0.982   0.000   0.000   0.018
  36821.643   4.723300E+012     0.982   0.000   0.000   0.018
  36917.836   4.715039E+012     0.982   0.000   0.000   0.018
  37014.028   4.706767E+012     0.982   0.000   0.000   0.018
  37110.220   4.698483E+012     0.982   0.000   0.000   0.018
  37206.413   4.690188E+012     0.982   0.000   0.000   0.018
  37302.605   4.681883E+012     0.982   0.000   0.000   0.018
  37398.798   4.673567E+012     0.982   0.000   0.000   0.018
  37494.990   4.665241E+012     0.982   0.000   0.000   0.018
  37591.182   4.656904E+012     0.982   0.000   0.000   0.018
  37687.375   4.648558E+012     0.982   0.000   0.000   0.018
  37783.567   4.640202E+012     0.982   0.000   0.000   0.018
  37879.760   4.631837E+012     0.982   0.000   0.000   0.018
  37975.952   4.623463E+012     0.981   0.000   0.000   0.019
  38072.144   4.615079E+012     0.981   0.000   0.000   0.019
  38168.337   4.606687E+012     0.981   0.000   0.000   0.019
  38264.529   4.598287E+012     0.981   0.000   0.000   0.019
  38360.721   4.589878E+012     0.981   0.000   0.000   0.019
  38456.914   4.581460E+012     0.981   0.000   0.000   0.019
  38553.106   4.573035E+012     0.981   0.000   0.000   0.019
  38649.299   4.564603E+012     0.981   0.000   0.000   0.019
  38745.491   4.556163E+012     0.981   0.000   0.000   0.019
  38841.683   4.547715E+012     0.981   0.000   0.000   0.019
  38937.876   4.539261E+012     0.981   0.000   0.000   0.019
  39034.068   4.530800E+012     0.981   0.000   0.000   0.019
  39130.261   4.522332E+012     0.981   0.000   0.000   0.019
  39226.453   4.513857E+012     0.981   0.000   0.000   0.019
  39322.645   4.505377E+012     0.981   0.000   0.000   0.019
  39418.838   4.496890E+012     0.981   0.000   0.000   0.019
  39515.030   4.488398E+012     0.981   0.000   0.000   0.019
  39611.222   4.479899E+012     0.981   0.000   0.000   0.019
  39707.415   4.471396E+012     0.981   0.000   0.000   0.019
  39803.607   4.462887E+012     0.981   0.000   0.000   0.019
  39899.800   4.454373E+012     0.981   0.000   0.000   0.019
  39995.992   4.445854E+012     0.981   0.000   0.000   0.019
  40092.184   4.437331E+012     0.981   0.000   0.000   0.019
  40188.377   4.428803E+012     0.981   0.000   0.000   0.019
  40284.569   4.420270E+012     0.981   0.000   0.000   0.019
  40380.762   4.411733E+012     0.981   0.000   0.000   0.019
  40476.954   4.403193E+012     0.981   0.000   0.000   0.019
  40573.146   4.394649E+012     0.981   0.000   0.000   0.019
  40669.339   4.386101E+012     0.981   0.000   0.000   0.019
  40765.531   4.377549E+012     0.981   0.000   0.000   0.019
  40861.723   4.368995E+012     0.981   0.000   0.000   0.019
  40957.916   4.360437E+012     0.981   0.000   0.000   0.019
  41054.108   4.351876E+012     0.981   0.000   0.000   0.019
  41150.301   4.343313E+012     0.981   0.000   0.000   0.019
  41246.493   4.334747E+012     0.981   0.000   0.000   0.019
  41342.685   4.326178E+012     0.981   0.000   0.000   0.019
  41438.878   4.317608E+012     0.981   0.000   0.000   0.019
  41535.070   4.309035E+012     0.981   0.000   0.000   0.019
  41631.263   4.300460E+012     0.981   0.000   0.000   0.019
  41727.455   4.291884E+012     0.981   0.000   0.000   0.019
  41823.647   4.283306E+012     0.981   0.000   0.000   0.019
  41919.840   4.274726E+012     0.981   0.000   0.000   0.019
  42016.032   4.266145E+012     0.981   0.000   0.000   0.019
  42112.224   4.257564E+012     0.981   0.000   0.000   0.019
  42208.417   4.248981E+012     0.981   0.000   0.000   0.019
  42304.609   4.240397E+012     0.981   0.000   0.000   0.019
  42400.802   4.231813E+012     0.981   0.000   0.000   0.019
  42496.994   4.223228E+012     0.981   0.000   0.000   0.019
  42593.186   4.214643E+012     0.981   0.000   0.000   0.019
  42689.379   4.206058E+012     0.981   0.000   0.000   0.019
  42785.571   4.197472E+012     0.981   0.000   0.000   0.019
  42881.764   4.188887E+012     0.981   0.000   0.000   0.019
  42977.956   4.180302E+012     0.981   0.000   0.000   0.019
  43074.148   4.171717E+012     0.981   0.000   0.000   0.019
  43170.341   4.163133E+012     0.981   0.000   0.000   0.019
  43266.533   4.154550E+012     0.981   0.000   0.000   0.019
  43362.725   4.145967E+012     0.981   0.000   0.000   0.019
  43458.918   4.137385E+012     0.981   0.000   0.000   0.019
  43555.110   4.128805E+012     0.981   0.000   0.000   0.019
  43651.303   4.120225E+012     0.981   0.000   0.000   0.019
  43747.495   4.111647E+012     0.981   0.000   0.000   0.019
  43843.687   4.103070E+012     0.981   0.000   0.000   0.019
  43939.880   4.094496E+012     0.981   0.000   0.000   0.019
  44036.072   4.085922E+012     0.981   0.000   0.000   0.019
  44132.265   4.077351E+012     0.981   0.000   0.000   0.019
  44228.457   4.068782E+012     0.981   0.000   0.000   0.019
  44324.649   4.060215E+012     0.981   0.000   0.000   0.019
  44420.842   4.051650E+012     0.981   0.000   0.000   0.019
  44517.034   4.043087E+012     0.981   0.000   0.000   0.019
  44613.226   4.034527E+012     0.981   0.000   0.000   0.019
  44709.419   4.025970E+012     0.981   0.000   0.000   0.019
  44805.611   4.017415E+012     0.981   0.000   0.000   0.019
  44901.804   4.008864E+012     0.981   0.000   0.000   0.019
  44997.996   4.000315E+012     0.981   0.000   0.000   0.019
  45094.188   3.991770E+012     0.981   0.000   0.000   0.019
  45190.381   3.983228E+012     0.981   0.000   0.000   0.019
  45286.573   3.974689E+012     0.981   0.000   0.000   0.019
  45382.766   3.966153E+012     0.981   0.000   0.000   0.019
  45478.958   3.957622E+012     0.981   0.000   0.000   0.019
  45575.150   3.949094E+012     0.981   0.000   0.000   0.019
  45671.343   3.940570E+012     0.981   0.000   0.000   0.019
  45767.535   3.932049E+012     0.981   0.000   0.000   0.019
  45863.727   3.923533E+012     0.981   0.000   0.000   0.019
  45959.920   3.915021E+012     0.981   0.000   0.000   0.019
  46056.112   3.906514E+012     0.981   0.000   0.000   0.019
  46152.305   3.898010E+012     0.981   0.000   0.000   0.019
  46248.497   3.889511E+012     0.981   0.000   0.000   0.019
  46344.689   3.881017E+012     0.981   0.000   0.000   0.019
  46440.882   3.872528E+012     0.981   0.000   0.000   0.019
  46537.074   3.864043E+012     0.981   0.000   0.000   0.019
  46633.267   3.855563E+012     0.981   0.000   0.000   0.019
  46729.459   3.847089E+012     0.981   0.000   0.000   0.019
  46825.651   3.838619E+012     0.981   0.000   0.000   0.019
  46921.844   3.830155E+012     0.981   0.000   0.000   0.019
  47018.036   3.821695E+012     0.981   0.000   0.000   0.019
  47114.228   3.813242E+012     0.981   0.000   0.000   0.019
  47210.421   3.804794E+012     0.981   0.000   0.000   0.019
  47306.613   3.796351E+012     0.981   0.000   0.000   0.019
  47402.806   3.787914E+012     0.981   0.000   0.000   0.019
  47498.998   3.779483E+012     0.981   0.000   0.000   0.019
  47595.190   3.771058E+012     0.981   0.000   0.000   0.019
  47691.383   3.762639E+012     0.981   0.000   0.000   0.019
  47787.575   3.754226E+012     0.981   0.000   0.000   0.019
  47883.768   3.745820E+012     0.981   0.000   0.000   0.019
  47979.960   3.737419E+012     0.981   0.000   0.000   0.019
  48076.152   3.729025E+012     0.981   0.000   0.000   0.019
  48172.345   3.720637E+012     0.981   0.000   0.000   0.019
  48268.537   3.712256E+012     0.981   0.000   0.000   0.019
  48364.729   3.703882E+012     0.981   0.000   0.000   0.019
  48460.922   3.695514E+012     0.981   0.000   0.000   0.019
  48557.114   3.687153E+012     0.981   0.000   0.000   0.019
  48653.307   3.678799E+012     0.981   0.000   0.000   0.019
  48749.499   3.670452E+012     0.981   0.000   0.000   0.019
  48845.691   3.662111E+012     0.981   0.000   0.000   0.019
  48941.884   3.653779E+012     0.981   0.000   0.000   0.019
  49038.076   3.645453E+012     0.981   0.000   0.000   0.019
  49134.269   3.637134E+012     0.981   0.000   0.000   0.019
  49230.461   3.628823E+012     0.981   0.000   0.000   0.019
  49326.653   3.620520E+012     0.981   0.000   0.000   0.019
  49422.846   3.612224E+012     0.981   0.000   0.000   0.019
  49519.038   3.603935E+012     0.981   0.000   0.000   0.019
  49615.230   3.595655E+012     0.981   0.000   0.000   0.019
  49711.423   3.587382E+012     0.981   0.000   0.000   0.019
  49807.615   3.579116E+012     0.981   0.000   0.000   0.019
  49903.808   3.570859E+012     0.981   0.000   0.000   0.019
  50000.000   3.562610E+012     0.981   0.000   0.000   0.019
