100.00  0.00 
99.07  0.17 
93.92  0.49 
81.37  0.80 
65.46  0.97 
50.54  1.01 
39.40  0.98 
30.41  0.92 
23.80  0.84 
19.04  0.80 
15.20  0.71 
12.37  0.66 
10.01  0.60 
8.17  0.54 
6.76  0.51 
5.83  0.46 
4.97  0.44 
4.45  0.42 
3.43  0.37 
3.01  0.34 
2.77  0.32 
2.56  0.32 
1.85  0.27 
1.66  0.26 
1.67  0.26 
1.17  0.22 
1.20  0.22 
1.21  0.21 
1.04  0.21 
1.00  0.20 
0.73  0.17 
0.83  0.18 
0.67  0.16 
0.59  0.15 
0.72  0.16 
0.54  0.14 
0.46  0.13 
0.47  0.14 
0.44  0.13 
0.49  0.14 
0.36  0.12 
0.38  0.12 
0.27  0.11 
0.17  0.08 
0.20  0.09 
0.18  0.08 
0.20  0.09 
0.19  0.09 
0.15  0.07 
0.15  0.08 
0.16  0.08 
0.11  0.06 
0.13  0.07 
0.12  0.07 
0.09  0.06 
0.07  0.05 
0.15  0.07 
0.14  0.07 
0.11  0.06 
0.07  0.05 
0.04  0.03 
0.06  0.05 
0.13  0.07 
0.08  0.05 
0.03  0.03 
0.07  0.05 
0.07  0.05 
0.07  0.05 
0.06  0.04 
0.04  0.03 
0.02  0.02 
0.03  0.03 
0.04  0.03 
0.05  0.04 
0.04  0.03 
0.03  0.03 
0.04  0.04 
0.05  0.04 
0.04  0.04 
0.06  0.04 
0.04  0.03 
0.06  0.04 
0.03  0.02 
0.04  0.03 
0.03  0.02 
0.04  0.04 
0.03  0.03 
0.04  0.03 
0.04  0.03 
0.02  0.02 
0.05  0.04 
0.02  0.02 
0.04  0.03 
0.07  0.05 
0.02  0.01 
0.05  0.03 
0.03  0.02 
0.03  0.02 
0.03  0.02 
0.04  0.03 
