100.00  0.00 
99.71  0.05 
100.18  0.06 
99.97  0.06 
99.72  0.09 
99.33  0.14 
98.25  0.27 
94.38  0.46 
88.20  0.63 
82.06  0.77 
72.36  0.89 
64.67  0.95 
56.54  1.00 
49.95  1.00 
43.74  1.00 
38.73  0.98 
32.68  0.93 
29.50  0.92 
26.20  0.88 
22.68  0.84 
20.06  0.80 
18.21  0.77 
15.33  0.73 
13.93  0.70 
12.63  0.66 
10.66  0.61 
10.03  0.60 
8.98  0.57 
8.12  0.54 
7.87  0.54 
7.02  0.51 
6.42  0.49 
5.83  0.46 
5.33  0.45 
4.42  0.41 
4.50  0.41 
4.35  0.41 
3.64  0.37 
3.24  0.35 
3.23  0.35 
2.96  0.34 
2.89  0.33 
2.70  0.32 
2.26  0.29 
2.11  0.28 
2.00  0.28 
2.03  0.28 
1.62  0.25 
1.88  0.27 
1.77  0.26 
1.61  0.25 
1.30  0.22 
1.41  0.23 
1.30  0.22 
1.14  0.21 
1.16  0.21 
1.09  0.20 
1.08  0.20 
0.90  0.18 
0.98  0.19 
0.89  0.18 
0.87  0.17 
0.87  0.18 
0.85  0.17 
0.81  0.17 
0.82  0.17 
0.69  0.15 
0.67  0.15 
0.53  0.13 
0.57  0.14 
0.53  0.13 
0.57  0.14 
0.59  0.14 
0.57  0.14 
0.52  0.13 
0.54  0.13 
0.53  0.13 
0.39  0.11 
0.51  0.13 
0.44  0.12 
0.33  0.09 
0.35  0.10 
0.45  0.12 
0.42  0.11 
0.41  0.11 
0.39  0.10 
0.40  0.11 
0.33  0.09 
0.37  0.10 
0.33  0.10 
0.36  0.10 
0.28  0.08 
0.39  0.11 
0.28  0.08 
0.36  0.10 
0.35  0.10 
0.30  0.09 
0.32  0.09 
0.23  0.07 
0.26  0.08 
