100.00  0.00 
99.71  0.05 
100.16  0.06 
99.37  0.16 
95.57  0.41 
87.81  0.65 
78.01  0.83 
66.47  0.95 
55.49  0.99 
46.22  0.99 
39.05  0.97 
33.09  0.95 
27.40  0.89 
22.79  0.83 
19.54  0.78 
16.83  0.74 
14.19  0.70 
11.33  0.64 
10.88  0.62 
9.19  0.58 
7.99  0.54 
6.85  0.50 
6.22  0.48 
5.39  0.45 
4.77  0.42 
4.38  0.41 
4.26  0.41 
3.31  0.36 
2.94  0.34 
2.79  0.33 
2.51  0.32 
2.30  0.30 
2.19  0.29 
1.82  0.26 
1.78  0.26 
1.43  0.24 
1.50  0.24 
1.66  0.25 
1.39  0.23 
1.14  0.21 
1.14  0.21 
0.92  0.19 
0.98  0.20 
0.87  0.18 
0.90  0.19 
0.67  0.16 
0.66  0.16 
0.56  0.15 
0.52  0.14 
0.53  0.14 
0.51  0.14 
0.40  0.12 
0.46  0.13 
0.44  0.13 
0.50  0.14 
0.49  0.13 
0.43  0.13 
0.41  0.12 
0.36  0.12 
0.38  0.11 
0.32  0.11 
0.41  0.12 
0.25  0.09 
0.24  0.09 
0.32  0.11 
0.26  0.09 
0.25  0.09 
0.18  0.08 
0.20  0.08 
0.27  0.09 
0.21  0.08 
0.20  0.08 
0.24  0.09 
0.19  0.08 
0.19  0.08 
0.26  0.10 
0.26  0.09 
0.17  0.07 
0.16  0.07 
0.16  0.07 
0.22  0.08 
0.21  0.08 
0.17  0.07 
0.18  0.07 
0.16  0.07 
0.15  0.07 
0.14  0.06 
0.16  0.07 
0.15  0.06 
0.12  0.06 
0.15  0.07 
0.08  0.05 
0.11  0.05 
0.13  0.06 
0.14  0.06 
0.14  0.06 
0.14  0.06 
0.18  0.07 
0.11  0.05 
0.16  0.07 
