#S 1 powder pattern using crysFML; X-RAYS:  => lambda,Ls:  1.5406 1900.0
#N 2
#L TwoTheta[Deg]  Intensity[a.u.]
          1.0000         46.3156
          1.0500         50.4356
          1.1000         55.1313
          1.1500         60.5151
          1.2000         66.7281
          1.2500         73.9496
          1.3000         82.4099
          1.3500         92.4087
          1.4000        104.3439
          1.4500        118.7443
          1.5000        136.3389
          1.5500        158.1451
          1.6000        185.6120
          1.6500        220.8739
          1.7000        267.1631
          1.7500        329.5635
          1.8000        416.4272
          1.8500        542.2200
          1.9000        733.7366
          1.9500       1048.7457
          2.0000       1710.7175
          2.0500       4121.7769
          2.1000      13433.3613
          2.1500      33116.6875
          2.2000      43196.3828
          2.2500      25839.6582
          2.3000       9057.3555
          2.3500       2891.7966
          2.4000       1411.0538
          2.4500        922.0896
          2.5000        659.3116
          2.5500        494.2538
          2.6000        383.8343
          2.6500        306.4963
          2.7000        250.3006
          2.7500        208.2245
          2.8000        175.9253
          2.8500        150.6056
          2.9000        130.3989
          2.9500        114.0213
          3.0000        100.5687
          3.0500         89.3883
          3.1000         80.0003
          3.1500         72.0454
          3.2000         65.2507
          3.2500         59.4059
          3.3000         54.3471
          3.3500         49.9455
          3.4000         46.0989
          3.4500         42.7258
          3.5000         39.7608
          3.5500         37.1522
          3.6000         34.8593
          3.6500         32.8511
          3.7000         31.1057
          3.7500         29.6105
          3.8000         28.3635
          3.8500         27.3760
          3.9000         26.6783
          3.9500         26.3307
          4.0000         26.4444
          4.0500         27.2245
          4.1000         29.0672
          4.1500         32.8840
          4.2000         42.6870
          4.2500         83.1201
          4.3000        232.0643
          4.3500        508.5903
          4.4000        584.8192
          4.4500        322.1176
          4.5000        115.8177
          4.5500         46.8321
          4.6000         29.9721
          4.6500         23.6119
          4.7000         19.9034
          4.7500         17.4346
          4.8000         15.6811
          4.8500         14.3767
          4.9000         13.3651
          4.9500         12.5605
          5.0000         11.9048
          5.0500         11.3630
          5.1000         10.9108
          5.1500         10.5319
          5.2000         10.2150
          5.2500          9.9524
          5.3000          9.7391
          5.3500          9.5720
          5.4000          9.4498
          5.4500          9.3725
          5.5000          9.3420
          5.5500          9.3613
          5.6000          9.4354
          5.6500          9.5716
          5.7000          9.7798
          5.7500         10.0736
          5.8000         10.4715
          5.8500         10.9990
          5.9000         11.6930
          5.9500         12.6009
          6.0000         13.7967
          6.0500         15.3884
          6.1000         17.5412
          6.1500         20.5186
          6.2000         24.7592
          6.2500         31.0358
          6.3000         40.8163
          6.3500         57.5997
          6.4000         98.1336
          6.4500        261.4331
          6.5000        821.3586
          6.5500       1746.2219
          6.6000       1829.6196
          6.6500        919.8814
          6.7000        299.1675
          6.7500        106.5530
          6.8000         59.7504
          6.8500         41.5078
          6.9000         31.0352
          6.9500         24.3195
          7.0000         19.7699
          7.0500         16.5710
          7.1000         14.2435
          7.1500         12.5269
          7.2000         11.2630
          7.2500         10.3670
          7.3000          9.8218
          7.3500          9.7845
          7.4000         11.4596
          7.4500         19.3434
          7.5000         36.8294
          7.5500         48.9714
          7.6000         45.8525
          7.6500         49.1943
          7.7000         42.4093
          7.7500         22.5783
          7.8000         10.7163
          7.8500          7.0624
          7.9000          6.0455
          7.9500          5.6441
          8.0000          5.5154
          8.0500          5.5097
          8.1000          5.6140
          8.1500          6.0372
          8.2000          7.1965
          8.2500         11.6117
          8.3000         29.5295
          8.3500         69.0843
          8.4000         97.0350
          8.4500         63.3251
          8.5000         24.6166
          8.5500          9.6135
          8.6000          6.9928
          8.6500         10.6079
          8.7000         25.8224
          8.7500         49.7298
          8.8000         48.9845
          8.8500         24.6610
          8.9000          9.9584
          8.9500          8.5720
          9.0000         14.6722
          9.0500         18.4666
          9.1000         11.8837
          9.1500          5.1048
          9.2000          2.4478
          9.2500          1.7308
          9.3000          1.4598
          9.3500          1.3129
          9.4000          1.2625
          9.4500          1.4694
          9.5000          2.4590
          9.5500          4.2635
          9.6000          4.5658
          9.6500          2.7327
          9.7000          1.3877
          9.7500          0.9408
          9.8000          0.8210
          9.8500          0.7703
          9.9000          0.7416
          9.9500          0.7278
         10.0000          0.7239
         10.0500          0.7311
         10.1000          0.7513
         10.1500          0.7896
         10.2000          0.8582
         10.2500          1.0153
         10.3000          1.6010
         10.3500          3.5997
         10.4000          6.8518
         10.4500          7.2623
         10.5000          4.1902
         10.5500          2.1542
         10.6000          1.6811
         10.6500          1.7844
         10.7000          2.1339
         10.7500          2.8058
         10.8000          4.5007
         10.8500         11.0594
         10.9000         32.3821
         10.9500         66.0937
         11.0000         72.2857
         11.0500         53.0651
         11.1000         35.1436
         11.1500         16.9667
         11.2000          6.7227
         11.2500          3.3321
         11.3000          2.3186
         11.3500          1.8530
         11.4000          1.5782
         11.4500          1.4075
         11.5000          1.2961
         11.5500          1.2368
         11.6000          1.2097
         11.6500          1.2237
         11.7000          1.2714
         11.7500          1.3715
         11.8000          1.5545
         11.8500          1.9297
         11.9000          3.0421
         11.9500          7.6630
         12.0000         20.2431
         12.0500         33.3525
         12.1000         25.9230
         12.1500         11.1445
         12.2000          4.1243
         12.2500          2.3295
         12.3000          1.8859
         12.3500          1.7222
         12.4000          1.6645
         12.4500          1.6815
         12.5000          1.7647
         12.5500          1.9224
         12.6000          2.2227
         12.6500          3.0742
         12.7000          5.7162
         12.7500         10.7818
         12.8000         12.8435
         12.8500          9.1985
         12.9000          6.7306
         12.9500          7.4590
         13.0000         11.9003
         13.0500         30.7973
         13.1000         95.3733
         13.1500        201.2010
         13.2000        209.9124
         13.2500        105.6109
         13.3000         35.1239
         13.3500         13.1805
         13.4000          7.8412
         13.4500          5.7699
         13.5000          4.5962
         13.5500          3.8588
         13.6000          3.3780
         13.6500          3.0668
         13.7000          2.9884
         13.7500          3.2247
         13.8000          4.0896
         13.8500          4.7868
         13.9000          3.9756
         13.9500          2.9352
         14.0000          2.4922
         14.0500          2.3826
         14.1000          2.3553
         14.1500          2.3570
         14.2000          2.3711
         14.2500          2.3990
         14.3000          2.4465
         14.3500          2.4964
         14.4000          2.5609
         14.4500          2.6572
         14.5000          2.8824
         14.5500          3.5050
         14.6000          4.4929
         14.6500          4.6593
         14.7000          3.8693
         14.7500          3.3684
         14.8000          3.3052
         14.8500          3.4018
         14.9000          3.5551
         14.9500          3.8033
         15.0000          4.4100
         15.0500          5.9034
         15.1000          7.7575
         15.1500          7.5685
         15.2000          6.2782
         15.2500          6.3693
         15.3000          9.1999
         15.3500         15.4457
         15.4000         21.0932
         15.4500         21.6352
         15.5000         16.4239
         15.5500         10.6782
         15.6000          8.4949
         15.6500          8.8430
         15.7000         10.6504
         15.7500         12.4212
         15.8000         12.1641
         15.8500         11.7660
         15.9000         12.6342
         15.9500         15.0619
         16.0000         21.4475
         16.0500         35.6131
         16.1000         49.1977
         16.1500         44.1726
         16.2000         36.0103
         16.2500         37.6289
         16.3000         48.3357
         16.3500         75.8675
         16.4000        179.6814
         16.4500        510.1578
         16.5000       1037.8553
         16.5500       1151.8247
         16.6000        775.0367
         16.6500        461.2041
         16.7000        495.5515
         16.7500        624.8161
         16.8000        510.9906
         16.8500        526.0005
         16.9000        872.6472
         16.9500       1017.7023
         17.0000        647.1081
         17.0500        326.7270
         17.1000        299.1184
         17.1500        556.8441
         17.2000        964.9096
         17.2500       1197.2864
         17.3000        844.4995
         17.3500        358.3514
         17.4000        140.1088
         17.4500         98.0311
         17.5000        140.8516
         17.5500        244.2404
         17.6000        294.1187
         17.6500        240.9509
         17.7000        226.9855
         17.7500        239.3546
         17.8000        236.3213
         17.8500        187.8870
         17.9000        135.1212
         17.9500        189.9642
         18.0000        339.5264
         18.0500        364.1644
         18.1000        237.4295
         18.1500        149.7796
         18.2000         92.3266
         18.2500         59.8683
         18.3000         56.7185
         18.3500         88.8806
         18.4000        174.6388
         18.4500        270.0095
         18.5000        280.1924
         18.5500        198.5380
         18.6000        119.5393
         18.6500         89.1742
         18.7000         75.9242
         18.7500         72.4307
         18.8000         78.9572
         18.8500         95.9474
         18.9000        143.3462
         18.9500        275.5885
         19.0000        477.3483
         19.0500        512.5657
         19.1000        394.3560
         19.1500        390.7274
         19.2000        661.5634
         19.2500       1758.6194
         19.3000       4480.3335
         19.3500       7216.2358
         19.4000       7163.0547
         19.4500       7599.1748
         19.5000       6981.9893
         19.5500       3634.5427
         19.6000       1314.7921
         19.6500        565.7250
         19.7000        419.4041
         19.7500        553.5597
         19.8000       1093.3986
         19.8500       1666.7164
         19.9000       1285.3441
         19.9500        569.9182
         20.0000        224.6421
         20.0500        130.3706
         20.1000        109.3624
         20.1500        122.9100
         20.2000        157.7816
         20.2500        169.8416
         20.3000        172.9029
         20.3500        183.7472
         20.4000        234.4568
         20.4500        298.1832
         20.5000        242.8709
         20.5500        134.4127
         20.6000         87.3392
         20.6500         89.3609
         20.7000        119.0384
         20.7500        158.5354
         20.8000        218.8290
         20.8500        282.7191
         20.9000        253.7866
         20.9500        175.2561
         21.0000        100.4337
         21.0500         60.1444
         21.1000         51.5455
         21.1500         70.1824
         21.2000        156.3480
         21.2500        350.6380
         21.3000        481.8475
         21.3500        360.9662
         21.4000        304.9925
         21.4500        417.4068
         21.5000        402.4319
         21.5500        241.1102
         21.6000        129.4484
         21.6500         75.0156
         21.7000         61.3770
         21.7500         89.2536
         21.8000        155.0367
         21.8500        180.2433
         21.9000        123.3310
         21.9500         85.1926
         22.0000         96.5463
         22.0500        122.6526
         22.1000        135.9552
         22.1500        226.4426
         22.2000        635.0007
         22.2500       1483.5507
         22.3000       1884.8794
         22.3500       1131.6814
         22.4000        426.5903
         22.4500        186.7097
         22.5000        171.1090
         22.5500        185.2521
         22.6000        145.6210
         22.6500        119.6151
         22.7000        157.2174
         22.7500        222.9794
         22.8000        220.4512
         22.8500        167.1336
         22.9000        137.9530
         22.9500        156.4722
         23.0000        221.6118
         23.0500        335.2842
         23.1000        530.3447
         23.1500       1028.9417
         23.2000       2616.1460
         23.2500       6073.1914
         23.3000       8053.2695
         23.3500       4977.3228
         23.4000       1829.9916
         23.4500        666.7617
         23.5000        451.4750
         23.5500        410.8770
         23.6000        314.4584
         23.6500        216.5943
         23.7000        180.7470
         23.7500        164.1699
         23.8000        145.6497
         23.8500        130.9468
         23.9000        137.3437
         23.9500        150.9341
         24.0000        144.7716
         24.0500        145.5180
         24.1000        171.8820
         24.1500        232.2564
         24.2000        351.4657
         24.2500        530.3336
         24.3000        887.7723
         24.3500       2427.2988
         24.4000       6546.3892
         24.4500      10491.7910
         24.5000       7781.2148
         24.5500       3137.7786
         24.6000       1001.3296
         24.6500        448.9284
         24.7000        293.3174
         24.7500        233.5328
         24.8000        225.7435
         24.8500        217.1300
         24.9000        170.1846
         24.9500        122.6482
         25.0000        114.6788
         25.0500        147.1938
         25.1000        176.7242
         25.1500        160.6796
         25.2000        121.9844
         25.2500        146.6110
         25.3000        329.4471
         25.3500        632.7365
         25.4000        645.1960
         25.4500        346.7329
         25.5000        140.0019
         25.5500         81.2465
         25.6000         92.8402
         25.6500        126.0479
         25.7000        144.2278
         25.7500        130.4000
         25.8000         95.1373
         25.8500         73.2470
         25.9000        100.3703
         25.9500        168.8456
         26.0000        227.3882
         26.0500        283.1041
         26.1000        284.7266
         26.1500        215.3904
         26.2000        146.4966
         26.2500         97.3947
         26.3000        103.9805
         26.3500        219.4813
         26.4000        467.4771
         26.4500        640.7338
         26.5000        484.0187
         26.5500        262.7350
         26.6000        151.1811
         26.6500         83.7240
         26.7000         49.3371
         26.7500         45.8566
         26.8000         53.3074
         26.8500         51.6172
         26.9000         53.4508
         26.9500         82.9407
         27.0000        149.8795
         27.0500        182.0516
         27.1000        157.6866
         27.1500        180.3689
         27.2000        220.0552
         27.2500        180.7326
         27.3000        105.5036
         27.3500         61.1725
         27.4000         45.8807
         27.4500         40.5930
         27.5000         31.7011
         27.5500         24.2747
         27.6000         24.7247
         27.6500         30.2729
         27.7000         38.9906
         27.7500         69.0879
         27.8000        133.2150
         27.8500        166.8209
         27.9000        124.3496
         27.9500         69.8755
         28.0000         62.4583
         28.0500        118.8988
         28.1000        189.6087
         28.1500        170.8296
         28.2000        116.3603
         28.2500         88.4785
         28.3000         72.8932
         28.3500         49.9351
         28.4000         26.7327
         28.4500         16.9219
         28.5000         18.4323
         28.5500         24.5528
         28.6000         27.9883
         28.6500         36.4657
         28.7000         57.4995
         28.7500         82.0889
         28.8000         75.1433
         28.8500         53.0616
         28.9000         63.6005
         28.9500        102.4410
         29.0000        139.4256
         29.0500        139.8316
         29.1000        106.2767
         29.1500         57.6601
         29.2000         25.0997
         29.2500         13.1559
         29.3000         10.2331
         29.3500         10.2663
         29.4000         14.6947
         29.4500         24.2646
         29.5000         29.4279
         29.5500         22.0469
         29.6000         12.9363
         29.6500          9.6352
         29.7000         11.9703
         29.7500         23.5231
         29.8000         48.8727
         29.8500         74.2850
         29.9000         84.2383
         29.9500         81.6267
         30.0000         70.5557
         30.0500         59.6503
         30.1000         47.2258
         30.1500         65.2308
         30.2000        110.0562
         30.2500        110.6184
         30.3000         76.3438
         30.3500         93.0868
         30.4000        169.8559
         30.4500        220.1228
         30.5000        179.1582
         30.5500        106.6373
         30.6000         61.2634
         30.6500         44.0376
         30.7000         48.2085
         30.7500         75.2441
         30.8000         89.6800
         30.8500         60.2847
         30.9000         29.8134
         30.9500         19.5585
         31.0000         26.2961
         31.0500         39.9410
         31.1000         45.8102
         31.1500         61.5947
         31.2000         94.8700
         31.2500         93.4054
         31.3000         57.7770
         31.3500         31.9664
         31.4000         29.2634
         31.4500         42.3954
         31.5000         58.2347
         31.5500         85.5156
         31.6000        112.7050
         31.6500         93.3124
         31.7000         51.6762
         31.7500         36.9162
         31.8000         40.2499
         31.8500         35.6135
         31.9000         37.6931
         31.9500         57.8034
         32.0000         79.7486
         32.0500         79.4135
         32.1000         57.5573
         32.1500         42.8555
         32.2000         51.3709
         32.2500         73.9974
         32.3000         66.2455
         32.3500         36.5018
         32.4000         23.0612
         32.4500         24.4936
         32.5000         28.7076
         32.5500         28.5017
         32.6000         25.0123
         32.6500         31.0018
         32.7000         46.3132
         32.7500         53.1979
         32.8000         52.1704
         32.8500         47.3296
         32.9000         32.4492
         32.9500         26.2893
         33.0000         41.7391
         33.0500         81.9950
         33.1000        108.4521
         33.1500         73.8418
         33.2000         33.7580
         33.2500         18.8218
         33.3000         22.8544
         33.3500         44.1756
         33.4000         65.8975
         33.4500         60.6767
         33.5000         53.7672
         33.5500         50.0599
         33.6000         36.9450
         33.6500         26.2723
         33.7000         21.1324
         33.7500         21.3424
         33.8000         33.6086
         33.8500         55.0263
         33.9000         69.6786
         33.9500         66.1348
         34.0000         72.2498
         34.0500         88.7283
         34.1000         75.3045
         34.1500         59.2922
         34.2000         51.0064
         34.2500         37.3233
         34.3000         25.5570
         34.3500         20.5399
         34.4000         22.3806
         34.4500         26.4899
         34.5000         30.2728
         34.5500         33.1197
         34.6000         44.3937
         34.6500         71.7892
         34.7000        115.6723
         34.7500        238.9083
         34.8000        633.0008
         34.8500       1192.3336
         34.9000       1110.5004
         34.9500        529.2950
         35.0000        183.3174
         35.0500         95.7315
         35.1000        106.4838
         35.1500        121.4430
         35.2000        106.6159
         35.2500         87.1008
         35.3000         59.0985
         35.3500         46.1376
         35.4000         43.2416
         35.4500         31.3059
         35.5000         20.2431
         35.5500         19.3232
         35.6000         33.1876
         35.6500         65.5230
         35.7000         93.1538
         35.7500         84.9758
         35.8000         55.5919
         35.8500         36.5846
         35.9000         33.4738
         35.9500         29.5813
         36.0000         19.9646
         36.0500         16.0062
         36.1000         16.7503
         36.1500         15.3450
         36.2000         13.5237
         36.2500         19.8272
         36.3000         36.0703
         36.3500         42.1650
         36.4000         28.6784
         36.4500         17.3124
         36.5000         15.5806
         36.5500         26.9265
         36.6000         52.7091
         36.6500         72.3913
         36.7000         73.3181
         36.7500         66.2168
         36.8000         58.1037
         36.8500         51.6621
         36.9000         33.2123
         36.9500         17.9192
         37.0000         14.9911
         37.0500         26.0817
         37.1000         49.7707
         37.1500         60.8639
         37.2000         45.6562
         37.2500         31.9487
         37.3000         31.0555
         37.3500         43.2790
         37.4000         54.4072
         37.4500         61.5028
         37.5000         69.6561
         37.5500         73.6593
         37.6000         98.3858
         37.6500        118.6832
         37.7000         88.0673
         37.7500         44.4449
         37.8000         24.9241
         37.8500         28.2245
         37.9000         54.6439
         37.9500        111.4982
         38.0000        165.4959
         38.0500        144.4355
         38.1000         76.3499
         38.1500         34.0902
         38.2000         23.1005
         38.2500         25.2200
         38.3000         32.0606
         38.3500         51.2347
         38.4000        107.8950
         38.4500        249.9775
         38.5000        463.5040
         38.5500        476.2219
         38.6000        252.4898
         38.6500         97.9350
         38.7000         50.9333
         38.7500         46.8637
         38.8000         55.4266
         38.8500         54.9377
         38.9000         44.6698
         38.9500         47.7604
         39.0000         64.5212
         39.0500         77.1962
         39.1000         77.5853
         39.1500         69.3355
         39.2000         58.1498
         39.2500         58.8691
         39.3000         95.0612
         39.3500        153.3962
         39.4000        183.4258
         39.4500        224.4724
         39.5000        326.7272
         39.5500        330.9362
         39.6000        208.8665
         39.6500        122.3446
         39.7000         80.9599
         39.7500         62.6188
         39.8000         56.6751
         39.8500         62.1102
         39.9000         67.1547
         39.9500         77.9365
         40.0000        137.0332
         40.0500        286.5739
         40.1000        399.0121
         40.1500        274.2652
         40.2000        120.3322
         40.2500         62.6583
         40.3000         52.5495
         40.3500         48.1427
         40.4000         43.9634
         40.4500         37.7252
         40.5000         30.5864
         40.5500         25.8702
         40.6000         22.1619
         40.6500         21.6707
         40.7000         29.6674
         40.7500         41.1960
         40.8000         50.7310
         40.8500         70.0859
         40.9000         97.4217
         40.9500        153.8639
         41.0000        268.7475
         41.0500        326.0453
         41.1000        237.6214
         41.1500        214.7567
         41.2000        289.1929
         41.2500        248.2134
         41.3000        118.9032
         41.3500         47.4342
         41.4000         31.6398
         41.4500         37.3481
         41.5000         43.4228
         41.5500         39.9973
         41.6000         45.2442
         41.6500         56.4460
         41.7000         56.0547
         41.7500         41.9893
         41.8000         28.2299
         41.8500         19.6972
         41.9000         16.3951
         41.9500         15.8895
         42.0000         15.7069
         42.0500         18.4268
         42.1000         31.8620
         42.1500         57.8569
         42.2000         78.6446
         42.2500         74.7354
         42.3000         49.0022
         42.3500         33.2902
         42.4000         38.4043
         42.4500         79.2334
         42.5000        187.3684
         42.5500        337.5476
         42.6000        408.8550
         42.6500        347.7212
         42.7000        194.1044
         42.7500         96.0633
         42.8000         56.5527
         42.8500         38.5122
         42.9000         33.7264
         42.9500         35.5239
         43.0000         35.4254
         43.0500         33.2706
         43.1000         28.8035
         43.1500         20.6868
         43.2000         15.4994
         43.2500         18.7308
         43.3000         27.1516
         43.3500         29.0243
         43.4000         24.5884
         43.4500         21.6614
         43.5000         23.5241
         43.5500         29.8947
         43.6000         31.2193
         43.6500         33.8709
         43.7000         38.1824
         43.7500         34.2558
         43.8000         36.6288
         43.8500         74.7606
         43.9000        203.8058
         43.9500        404.0548
         44.0000        418.6923
         44.0500        227.8359
         44.1000        100.8952
         44.1500         72.8077
         44.2000         91.5870
         44.2500        139.0194
         44.3000        264.6198
         44.3500        456.1166
         44.4000        433.0507
         44.4500        221.2785
         44.5000         94.1581
         44.5500         59.3618
         44.6000         42.8611
         44.6500         28.1584
         44.7000         23.5558
         44.7500         24.5805
         44.8000         25.0951
         44.8500         25.7985
         44.9000         31.8564
         44.9500         39.3429
         45.0000         47.4571
         45.0500         55.3352
         45.1000         51.9601
         45.1500         43.4688
         45.2000         39.8731
         45.2500         49.9583
         45.3000         71.9572
         45.3500         70.1970
         45.4000         46.0164
         45.4500         39.2910
         45.5000         49.6930
         45.5500         50.5438
         45.6000         33.8252
         45.6500         18.9104
         45.7000         12.4087
         45.7500         11.2815
         45.8000         12.2021
         45.8500         14.0804
         45.9000         19.0171
         45.9500         31.8150
         46.0000         55.5293
         46.0500         82.0022
         46.1000        137.4353
         46.1500        310.2246
         46.2000        528.5934
         46.2500        456.1796
         46.3000        227.6623
         46.3500        114.7929
         46.4000        130.4376
         46.4500        246.0900
         46.5000        361.6866
         46.5500        286.4648
         46.6000        148.1158
         46.6500         78.9956
         46.7000         66.0819
         46.7500         77.7717
         46.8000         79.0445
         46.8500         61.0385
         46.9000         51.3720
         46.9500         53.9928
         47.0000         72.4079
         47.0500        100.9497
         47.1000         91.6834
         47.1500         54.8676
         47.2000         34.5570
         47.2500         30.5887
         47.3000         30.4812
         47.3500         31.0085
         47.4000         30.1772
         47.4500         27.8244
         47.5000         34.5742
         47.5500         67.5643
         47.6000        119.1213
         47.6500        120.8239
         47.7000         71.6363
         47.7500         41.2161
         47.8000         31.9494
         47.8500         23.1051
         47.9000         15.8337
         47.9500         13.7780
         48.0000         15.8508
         48.0500         19.0690
         48.1000         25.2150
         48.1500         41.9040
         48.2000         71.9152
         48.2500        102.6190
         48.3000        130.2375
         48.3500        184.1599
         48.4000        188.2449
         48.4500        140.3375
         48.5000        102.0856
         48.5500         75.5037
         48.6000         60.0512
         48.6500         52.4333
         48.7000         42.4829
         48.7500         42.8707
         48.8000         61.9804
         48.8500         69.0068
         48.9000         42.4924
         48.9500         20.7550
         49.0000         15.7077
         49.0500         19.8454
         49.1000         29.9571
         49.1500         39.8493
         49.2000         35.4703
         49.2500         26.1854
         49.3000         26.8566
         49.3500         36.7510
         49.4000         38.3478
         49.4500         32.2753
         49.5000         27.2874
         49.5500         20.6335
         49.6000         13.6201
         49.6500         11.8044
         49.7000         14.4941
         49.7500         20.5109
         49.8000         26.3410
         49.8500         25.6107
         49.9000         29.6672
         49.9500         47.1044
         50.0000         75.9471
         50.0500        126.8516
         50.1000        203.3190
         50.1500        208.9457
         50.2000        137.5128
         50.2500         74.3687
         50.3000         38.4089
         50.3500         28.6425
         50.4000         35.4038
         50.4500         39.7089
         50.5000         32.5375
         50.5500         33.6978
         50.6000         40.4896
         50.6500         33.9567
         50.7000         24.3623
         50.7500         19.4752
         50.8000         18.4609
         50.8500         21.6168
         50.9000         26.0118
         50.9500         33.9826
         51.0000         62.1792
         51.0500        106.3719
         51.1000        103.9046
         51.1500         59.2113
         51.2000         30.8728
         51.2500         27.1942
         51.3000         34.5700
         51.3500         39.6735
         51.4000         38.5270
         51.4500         33.9532
         51.5000         37.6030
         51.5500         65.3760
         51.6000        133.2735
         51.6500        257.1876
         51.7000        394.4666
         51.7500        338.2161
         51.8000        165.1268
         51.8500         63.2445
         51.9000         31.7920
         51.9500         23.3247
         52.0000         24.4226
         52.0500         40.1930
         52.1000         63.9698
         52.1500         62.7362
         52.2000         43.1024
         52.2500         29.8117
         52.3000         24.2139
         52.3500         23.8696
         52.4000         25.7787
         52.4500         28.7306
         52.5000         27.4229
         52.5500         23.5118
         52.6000         18.8157
         52.6500         15.7269
         52.7000         14.9718
         52.7500         17.2178
         52.8000         21.8887
         52.8500         24.2749
         52.9000         24.0552
         52.9500         30.3643
         53.0000         43.2197
         53.0500         51.5480
         53.1000         45.5480
         53.1500         35.8436
         53.2000         36.3700
         53.2500         40.1520
         53.3000         32.2721
         53.3500         20.7306
         53.4000         16.1421
         53.4500         18.1005
         53.5000         19.0646
         53.5500         15.6962
         53.6000         13.6283
         53.6500         15.2787
         53.7000         15.6072
         53.7500         14.2686
         53.8000         12.8191
         53.8500         14.7155
         53.9000         20.2909
         53.9500         24.0046
         54.0000         25.9040
         54.0500         30.8683
         54.1000         39.5208
         54.1500         54.3743
         54.2000        112.5100
         54.2500        250.5438
         54.3000        364.1937
         54.3500        268.4861
         54.4000        123.9085
         54.4500         59.4537
         54.5000         50.4349
         54.5500         65.9569
         54.6000         78.4055
         54.6500         62.8366
         54.7000         36.8023
         54.7500         22.0987
         54.8000         18.5789
         54.8500         16.9875
         54.9000         16.2746
         54.9500         16.5496
         55.0000         18.4974
         55.0500         22.2383
         55.1000         23.0394
         55.1500         21.8003
         55.2000         20.1718
         55.2500         22.4167
         55.3000         26.1211
         55.3500         27.5255
         55.4000         26.5918
         55.4500         24.1628
         55.5000         26.3275
         55.5500         37.3295
         55.6000         41.3150
         55.6500         34.6791
         55.7000         29.0838
         55.7500         23.1145
         55.8000         19.5443
         55.8500         18.2882
         55.9000         17.9575
         55.9500         21.3122
         56.0000         28.2351
         56.0500         41.1934
         56.1000         66.8456
         56.1500         87.7638
         56.2000         69.1488
         56.2500         46.1220
         56.3000         41.7985
         56.3500         62.4927
         56.4000         90.5496
         56.4500         87.7608
         56.5000         75.6067
         56.5500        114.6440
         56.6000        237.5816
         56.6500        324.8928
         56.7000        224.2665
         56.7500        101.2214
         56.8000         50.4510
         56.8500         41.1063
         56.9000         38.3819
         56.9500         34.7886
         57.0000         38.0122
         57.0500         62.5024
         57.1000        100.7436
         57.1500        100.0395
         57.2000         60.4728
         57.2500         30.1515
         57.3000         18.0310
         57.3500         15.9602
         57.4000         18.0428
         57.4500         25.2542
         57.5000         47.0321
         57.5500         98.8153
         57.6000        161.6192
         57.6500        190.6083
         57.7000        191.1520
         57.7500        133.1163
         57.8000         88.4845
         57.8500         82.8470
         57.9000         69.3778
         57.9500         43.4320
         58.0000         33.2544
         58.0500         32.5935
         58.1000         32.7538
         58.1500         41.6842
         58.2000         63.4273
         58.2500         71.6869
         58.3000         50.2540
         58.3500         38.5098
         58.4000         59.2358
         58.4500        100.3393
         58.5000        101.2938
         58.5500         62.0832
         58.6000         38.3265
         58.6500         30.4270
         58.7000         26.1980
         58.7500         20.1569
         58.8000         12.4812
         58.8500          8.1359
         58.9000          7.6361
         58.9500          8.2476
         59.0000          9.6224
         59.0500         14.4224
         59.1000         21.8324
         59.1500         26.5264
         59.2000         23.8122
         59.2500         18.5511
         59.3000         16.6498
         59.3500         17.2551
         59.4000         18.0083
         59.4500         16.2476
         59.5000         16.6807
         59.5500         19.3587
         59.6000         16.9332
         59.6500         12.2631
         59.7000         10.2380
         59.7500         10.5796
         59.8000         12.2492
         59.8500         14.2350
         59.9000         15.9142
         59.9500         16.9297
         60.0000         19.2670
         60.0500         28.9717
         60.1000         38.5851
         60.1500         30.2014
         60.2000         15.7846
         60.2500         10.2694
         60.3000         13.0194
         60.3500         18.0478
         60.4000         19.2217
         60.4500         16.9871
         60.5000         18.9184
         60.5500         23.7717
         60.6000         21.5517
         60.6500         14.0062
         60.7000          9.7973
         60.7500          9.5761
         60.8000          9.9126
         60.8500         10.7197
         60.9000         12.5468
         60.9500         15.2202
         61.0000         16.5309
         61.0500         17.2160
         61.1000         18.7611
         61.1500         19.4776
         61.2000         15.8548
         61.2500         10.1515
         61.3000          7.8962
         61.3500          9.0136
         61.4000          9.7929
         61.4500          9.1827
         61.5000         10.5656
         61.5500         16.1262
         61.6000         23.4979
         61.6500         26.9348
         61.7000         32.2720
         61.7500         61.4191
         61.8000        110.1849
         61.8500        109.6037
         61.9000         59.8225
         61.9500         27.5929
         62.0000         19.7448
         62.0500         27.7374
         62.1000         61.9993
         62.1500        121.8427
         62.2000        135.8625
         62.2500         79.3866
         62.3000         33.5256
         62.3500         16.5474
         62.4000         12.0649
         62.4500         10.9773
         62.5000         11.6780
         62.5500         13.2828
         62.6000         11.1294
         62.6500          7.1720
         62.7000          5.1126
         62.7500          5.1339
         62.8000          6.7586
         62.8500          7.9784
         62.9000          7.0348
         62.9500          5.9884
         63.0000          6.4806
         63.0500          8.8398
         63.1000         11.9994
         63.1500         13.2287
         63.2000         12.7458
         63.2500         11.7671
         63.3000         12.2403
         63.3500         15.1827
         63.4000         16.2594
         63.4500         14.7938
         63.5000         15.0204
         63.5500         15.0686
         63.6000         13.4229
         63.6500         12.4170
         63.7000         17.6354
         63.7500         29.9038
         63.8000         35.2044
         63.8500         24.8260
         63.9000         15.2208
         63.9500         12.7138
         64.0000         14.7641
         64.0500         17.0712
         64.1000         16.2174
         64.1500         12.7483
         64.2000         11.3583
         64.2500         11.6436
         64.3000         11.7527
         64.3500         11.6657
         64.4000         10.5916
         64.4500          9.3221
         64.5000          8.7176
         64.5500          9.1476
         64.6000          9.3023
         64.6500          8.3155
         64.7000          7.4872
         64.7500          8.5006
         64.8000          8.7887
         64.8500          6.6430
         64.9000          5.6891
         64.9500          6.9929
         65.0000          9.0345
         65.0500         11.5847
         65.1000         13.8783
         65.1500         11.1178
         65.2000          7.4991
         65.2500          7.6461
         65.3000         10.0008
         65.3500          9.4131
         65.4000          7.2891
         65.4500          7.0147
         65.5000          7.6608
         65.5500          7.9292
         65.6000          8.3399
         65.6500          9.0827
         65.7000         10.4344
         65.7500         10.7023
         65.8000          8.5429
         65.8500          7.6231
         65.9000         10.0590
         65.9500         15.6151
         66.0000         22.9660
         66.0500         26.0329
         66.1000         18.3951
         66.1500          9.9331
         66.2000          6.7028
         66.2500          6.9930
         66.3000          8.1927
         66.3500          8.9953
         66.4000          8.7950
         66.4500          7.8459
         66.5000          7.1837
         66.5500          8.8360
         66.6000         12.1528
         66.6500         12.4283
         66.7000          9.2941
         66.7500          6.6106
         66.8000          5.5777
         66.8500          5.7586
         66.9000          6.4821
         66.9500          7.6679
         67.0000          8.7516
         67.0500          9.6743
         67.1000         11.8077
         67.1500         14.9371
         67.2000         19.4142
         67.2500         28.4453
         67.3000         50.0100
         67.3500         93.1234
         67.4000        119.2636
         67.4500         79.2248
         67.5000         34.5582
         67.5500         15.8331
         67.6000         10.6728
         67.6500          9.1111
         67.7000          7.3716
         67.7500          6.2634
         67.8000          7.7458
         67.8500         11.2808
         67.9000         12.4098
         67.9500         11.2579
         68.0000         10.3531
         68.0500          8.7949
         68.1000          6.9261
         68.1500          5.4665
         68.2000          4.4221
         68.2500          3.9742
         68.3000          4.1012
         68.3500          4.8626
         68.4000          6.1759
         68.4500          7.2518
         68.5000          8.1334
         68.5500          8.9496
         68.6000          8.4617
         68.6500          7.6780
         68.7000          9.5314
         68.7500         18.3181
         68.8000         31.4379
         68.8500         32.1609
         68.9000         22.9972
         68.9500         18.5231
         69.0000         19.7151
         69.0500         23.8700
         69.1000         30.4047
         69.1500         30.5660
         69.2000         23.1917
         69.2500         17.3207
         69.3000         14.6811
         69.3500         12.7578
         69.4000         10.9903
         69.4500          9.9014
         69.5000         10.4356
         69.5500         13.1000
         69.6000         15.9610
         69.6500         17.2411
         69.7000         15.2320
         69.7500         13.1322
         69.8000         14.6731
         69.8500         18.1533
         69.9000         20.8312
         69.9500         25.2692
         70.0000         40.9675
         70.0500         82.7422
         70.1000        128.2998
         70.1500        106.8443
         70.2000         60.8733
         70.2500         50.1554
         70.3000         62.1881
         70.3500         58.1671
         70.4000         48.2641
         70.4500         49.2614
         70.5000         45.3176
         70.5500         44.9841
         70.6000         55.8544
         70.6500         54.6557
         70.7000         34.5788
         70.7500         20.7008
         70.8000         14.8968
         70.8500         12.4803
         70.9000         13.8827
         70.9500         23.1675
         71.0000         40.5318
         71.0500         46.5800
         71.1000         31.3745
         71.1500         18.9925
         71.2000         17.9925
         71.2500         27.9121
         71.3000         45.4681
         71.3500         66.2760
         71.4000         84.3528
         71.4500         91.7277
         71.5000         95.5020
         71.5500         76.3398
         71.6000         40.6807
         71.6500         19.3341
         71.7000         12.8922
         71.7500         12.8877
         71.8000         16.6004
         71.8500         20.7566
         71.9000         20.1371
         71.9500         17.4608
         72.0000         23.2918
         72.0500         38.9476
         72.1000         47.4334
         72.1500         34.3491
         72.2000         19.2971
         72.2500         12.7830
         72.3000         12.2734
         72.3500         13.4857
         72.4000         14.1104
         72.4500         14.3409
         72.5000         14.9414
         72.5500         20.7382
         72.6000         38.0782
         72.6500         70.1538
         72.7000        106.5764
         72.7500        115.1522
         72.8000         90.4513
         72.8500         55.0257
         72.9000         29.3969
         72.9500         17.4746
         73.0000         13.1711
         73.0500         13.4379
         73.1000         19.5234
         73.1500         33.1351
         73.2000         49.1649
         73.2500         57.4384
         73.3000         46.9171
         73.3500         32.3102
         73.4000         20.8304
         73.4500         16.7598
         73.5000         17.2907
         73.5500         18.5140
         73.6000         23.2509
         73.6500         28.3802
         73.7000         31.2212
         73.7500         34.7152
         73.8000         29.9465
         73.8500         21.3906
         73.9000         17.8767
         73.9500         13.8349
         74.0000          9.6256
         74.0500         10.2731
         74.1000         14.8071
         74.1500         16.9044
         74.2000         14.4482
         74.2500         13.1125
         74.3000         13.4376
         74.3500         13.1795
         74.4000         11.6000
         74.4500         10.7041
         74.5000         14.6615
         74.5500         24.7375
         74.6000         33.1732
         74.6500         29.4965
         74.7000         24.2736
         74.7500         19.3256
         74.8000         12.5132
         74.8500          8.9541
         74.9000          8.4182
         74.9500          7.9125
         75.0000          6.7654
         75.0500          6.2135
         75.1000          6.6648
         75.1500          8.5922
         75.2000         11.7822
         75.2500         14.9169
         75.3000         14.3004
         75.3500         12.5079
         75.4000         16.9053
         75.4500         34.7919
         75.5000         62.7958
         75.5500         69.6433
         75.6000         58.1605
         75.6500         60.2996
         75.7000         56.6920
         75.7500         34.7867
         75.8000         19.6949
         75.8500         18.9962
         75.9000         28.8157
         75.9500         42.3675
         76.0000         47.8071
         76.0500         34.1155
         76.1000         19.5040
         76.1500         12.9423
         76.2000         11.0593
         76.2500         12.6777
         76.3000         16.6101
         76.3500         17.3333
         76.4000         15.3401
         76.4500         17.0146
         76.5000         25.8510
         76.5500         49.1020
         76.6000         81.4714
         76.6500         79.4579
         76.7000         49.5961
         76.7500         34.8498
         76.8000         36.6040
         76.8500         34.9234
         76.9000         23.3426
         76.9500         13.7589
         77.0000          8.7500
         77.0500          6.4886
         77.1000          5.4055
         77.1500          5.0409
         77.2000          5.2177
         77.2500          5.8270
         77.3000          6.6200
         77.3500          7.1068
         77.4000          7.6789
         77.4500         10.1563
         77.5000         16.4597
         77.5500         30.1563
         77.6000         54.9084
         77.6500         73.2182
         77.7000         55.5083
         77.7500         27.7723
         77.8000         14.4425
         77.8500         13.2595
         77.9000         20.3147
         77.9500         30.6541
         78.0000         36.1685
         78.0500         43.7007
         78.1000         44.1916
         78.1500         28.8373
         78.2000         16.4051
         78.2500         12.7338
         78.3000         13.7853
         78.3500         13.6050
         78.4000         11.9106
         78.4500         13.4912
         78.5000         22.6995
         78.5500         38.9224
         78.6000         46.7395
         78.6500         35.0698
         78.7000         23.6651
         78.7500         21.0364
         78.8000         24.5253
         78.8500         32.6383
         78.9000         39.2045
         78.9500         37.9449
         79.0000         39.0490
         79.0500         54.2645
         79.1000         74.4584
         79.1500         71.2822
         79.2000         66.2002
         79.2500         60.5093
         79.3000         40.8745
         79.3500         22.9672
         79.4000         13.8952
         79.4500         11.8243
         79.5000         13.1821
         79.5500         15.9014
         79.6000         17.5176
         79.6500         15.9995
         79.7000         15.3057
         79.7500         14.6807
         79.8000         13.1408
         79.8500         15.1296
         79.9000         26.6864
         79.9500         50.6901
         80.0000         64.7422
         80.0500         45.2976
         80.1000         23.0275
         80.1500         14.8226
         80.2000         15.2463
         80.2500         14.9871
         80.3000         13.3511
         80.3500         18.1504
         80.4000         36.3763
         80.4500         63.7906
         80.5000         68.4279
         80.5500         44.9528
         80.6000         24.3739
         80.6500         13.8849
         80.7000          9.6679
         80.7500          8.6138
         80.8000          9.7071
         80.8500         11.5847
         80.9000         12.3307
         80.9500         12.0112
         81.0000         11.4224
         81.0500         10.5570
         81.1000         11.0406
         81.1500         15.2193
         81.2000         24.2558
         81.2500         40.7931
         81.3000         61.5571
         81.3500         66.5962
         81.4000         43.0146
         81.4500         20.4136
         81.5000         11.0581
         81.5500          8.7135
         81.6000          8.5525
         81.6500          9.5941
         81.7000         10.2296
         81.7500         10.5397
         81.8000         14.4677
         81.8500         26.6449
         81.9000         42.8468
         81.9500         43.9587
         82.0000         36.9758
         82.0500         34.4758
         82.1000         28.4269
         82.1500         21.1176
         82.2000         21.0172
         82.2500         30.7429
         82.3000         53.1174
         82.3500         82.9142
         82.4000         84.3619
         82.4500         57.6389
         82.5000         41.1284
         82.5500         33.1438
         82.6000         23.7360
         82.6500         17.0023
         82.7000         14.7656
         82.7500         16.9709
         82.8000         21.9495
         82.8500         24.3878
         82.9000         19.5161
         82.9500         13.1823
         83.0000         10.7221
         83.0500         11.5081
         83.1000         13.4045
         83.1500         17.3174
         83.2000         25.5086
         83.2500         28.9721
         83.3000         25.3905
         83.3500         23.8219
         83.4000         19.4462
         83.4500         12.7998
         83.5000          8.9494
         83.5500          7.5530
         83.6000          6.7691
         83.6500          6.9850
         83.7000          8.4426
         83.7500         10.8049
         83.8000         16.3517
         83.8500         25.2877
         83.9000         26.7730
         83.9500         17.8321
         84.0000         10.1812
         84.0500          7.0468
         84.1000          5.9626
         84.1500          6.2549
         84.2000          9.8070
         84.2500         16.7769
         84.3000         20.8707
         84.3500         17.3111
         84.4000         13.8006
         84.4500         14.1070
         84.5000         15.6412
         84.5500         17.7978
         84.6000         23.5363
         84.6500         33.9895
         84.7000         37.1133
         84.7500         34.8297
         84.8000         32.7763
         84.8500         23.5388
         84.9000         15.5206
         84.9500         12.1765
         85.0000         11.6742
         85.0500         13.4496
         85.1000         16.5283
         85.1500         19.4375
         85.2000         21.4359
         85.2500         21.9703
         85.3000         17.6651
         85.3500         13.1018
         85.4000         14.1129
         85.4500         22.0079
         85.5000         30.4099
         85.5500         25.8828
         85.6000         15.9811
         85.6500         10.5986
         85.7000          8.9152
         85.7500          7.8493
         85.8000          7.2092
         85.8500          6.8870
         85.9000          6.5213
         85.9500          5.9656
         86.0000          5.4358
         86.0500          5.7549
         86.1000          7.8652
         86.1500         10.1943
         86.2000          9.0046
         86.2500          6.5136
         86.3000          5.3477
         86.3500          5.9282
         86.4000          8.4970
         86.4500         12.1380
         86.5000         15.9423
         86.5500         18.5882
         86.6000         15.6682
         86.6500          9.8723
         86.7000          6.8342
         86.7500          6.5139
         86.8000          8.3206
         86.8500         11.0899
         86.9000         10.5093
         86.9500          8.0469
         87.0000          7.6761
         87.0500          7.8817
         87.1000          7.6717
         87.1500          8.1179
         87.2000          9.5407
         87.2500          9.4240
         87.3000          7.1935
         87.3500          6.5459
         87.4000          8.9012
         87.4500         13.4122
         87.5000         15.4458
         87.5500         11.7931
         87.6000          9.3907
         87.6500         12.7621
         87.7000         20.9839
         87.7500         25.3935
         87.8000         19.8380
         87.8500         12.9351
         87.9000         10.3119
         87.9500         10.7148
         88.0000         10.5654
         88.0500          9.4581
         88.1000          9.1353
         88.1500          9.3200
         88.2000          9.4768
         88.2500          8.3087
         88.3000          7.0735
         88.3500          6.6269
         88.4000          6.4155
         88.4500          5.5708
         88.5000          4.6630
         88.5500          4.0762
         88.6000          4.2034
         88.6500          4.5905
         88.7000          4.5650
         88.7500          5.1558
         88.8000          7.6351
         88.8500         12.8582
         88.9000         20.7457
         88.9500         30.7038
         89.0000         33.5281
         89.0500         24.9865
         89.1000         18.0176
         89.1500         19.9365
         89.2000         33.2335
         89.2500         48.2686
         89.3000         47.2817
         89.3500         41.7177
         89.4000         36.0589
         89.4500         24.9274
         89.5000         15.8167
         89.5500         13.8793
         89.6000         16.0890
         89.6500         17.2818
         89.7000         14.1023
         89.7500          9.7276
         89.8000          7.6943
         89.8500          7.9881
         89.9000          9.1501
         89.9500          9.9879
         90.0000         13.1687
         90.0500         21.3739
         90.1000         29.1093
         90.1500         25.4950
         90.2000         17.1033
         90.2500         11.8637
         90.3000          9.4177
         90.3500          9.1940
         90.4000         10.5283
         90.4500         13.5012
         90.5000         19.0020
         90.5500         25.0102
         90.6000         22.1889
         90.6500         14.7406
         90.7000         12.3203
         90.7500         16.2736
         90.8000         20.9413
         90.8500         18.1623
         90.9000         13.1496
         90.9500         11.7070
         91.0000         12.6603
         91.0500         13.9747
         91.1000         16.7247
         91.1500         17.9807
         91.2000         16.4128
         91.2500         16.2194
         91.3000         21.0671
         91.3500         32.0574
         91.4000         39.9145
         91.4500         30.1358
         91.5000         18.0596
         91.5500         14.9448
         91.6000         17.7560
         91.6500         20.0374
         91.7000         16.4600
         91.7500         10.0161
         91.8000          6.3675
         91.8500          5.5158
         91.9000          5.9180
         91.9500          6.2544
         92.0000          5.6209
         92.0500          5.0833
         92.1000          6.1040
         92.1500          9.1397
         92.2000         12.5428
         92.2500         14.2841
         92.3000         18.3635
         92.3500         23.4878
         92.4000         19.9073
         92.4500         13.0209
         92.5000         10.4143
         92.5500         10.3582
         92.6000          9.1856
         92.6500          7.2458
         92.7000          7.2612
         92.7500          9.5405
         92.8000         11.0606
         92.8500          9.6622
         92.9000          6.8698
         92.9500          4.9056
         93.0000          4.7897
         93.0500          6.4749
         93.1000          9.7285
         93.1500         12.8932
         93.2000         13.6661
         93.2500         14.5724
         93.3000         15.2865
         93.3500         12.7842
         93.4000          8.5888
         93.4500          5.7728
         93.5000          4.5231
         93.5500          3.8235
         93.6000          3.7530
         93.6500          4.4421
         93.7000          5.4520
         93.7500          5.9245
         93.8000          5.8480
         93.8500          5.1700
         93.9000          4.9064
         93.9500          5.8079
         94.0000          7.6582
         94.0500          8.9862
         94.1000          8.9994
         94.1500          8.3098
         94.2000          8.0421
         94.2500          7.8905
         94.3000          7.9360
         94.3500          9.7289
         94.4000         14.8349
         94.4500         25.0572
         94.5000         35.8719
         94.5500         39.8602
         94.6000         41.7211
         94.6500         37.9772
         94.7000         29.1011
         94.7500         21.9343
         94.8000         18.9838
         94.8500         17.6356
         94.9000         15.8802
         94.9500         14.9634
         95.0000         14.6046
         95.0500         13.8076
         95.1000         12.6501
         95.1500         11.0212
         95.2000          8.3270
         95.2500          6.0347
         95.3000          4.6278
         95.3500          3.9756
         95.4000          4.3835
         95.4500          5.7860
         95.5000          6.9044
         95.5500          6.9015
         95.6000          7.7793
         95.6500         11.2986
         95.7000         16.0847
         95.7500         16.5069
         95.8000         14.0352
         95.8500         15.1029
         95.9000         21.0749
         95.9500         27.0383
         96.0000         27.0591
         96.0500         18.4297
         96.1000         11.2920
         96.1500         10.5579
         96.2000         14.9757
         96.2500         18.4791
         96.3000         14.5898
         96.3500          9.1350
         96.4000          6.6759
         96.4500          6.4739
         96.5000          6.8684
         96.5500          6.9722
         96.6000          6.7791
         96.6500          7.4958
         96.7000         11.5002
         96.7500         20.2739
         96.8000         29.1689
         96.8500         26.1573
         96.9000         18.0925
         96.9500         13.5166
         97.0000         11.1715
         97.0500          9.5792
         97.1000          7.8984
         97.1500          6.9439
         97.2000          7.0250
         97.2500          9.8600
         97.3000         17.4588
         97.3500         25.5406
         97.4000         22.3748
         97.4500         13.8113
         97.5000          9.1617
         97.5500          8.4588
         97.6000          8.5556
         97.6500          8.4590
         97.7000          8.3421
         97.7500          8.5533
         97.8000         10.6237
         97.8500         16.6496
         97.9000         23.9712
         97.9500         23.2651
         98.0000         17.4619
         98.0500         14.7835
         98.1000         13.7652
         98.1500         11.7465
         98.2000         10.2363
         98.2500          8.6697
         98.3000          8.0017
         98.3500          9.9489
         98.4000         16.1128
         98.4500         24.0446
         98.5000         24.3960
         98.5500         19.5174
         98.6000         20.4371
         98.6500         24.0814
         98.7000         19.7526
         98.7500         12.5080
         98.8000          7.6165
         98.8500          5.8841
         98.9000          6.1024
         98.9500          6.5371
         99.0000          6.9270
         99.0500          8.4831
         99.1000         12.9905
         99.1500         21.5515
         99.2000         30.1647
         99.2500         28.4523
         99.3000         21.4712
         99.3500         15.8577
         99.4000         11.4546
         99.4500          8.8605
         99.5000          8.4329
         99.5500          9.0915
         99.6000          9.8549
         99.6500         11.4497
         99.7000         15.2159
         99.7500         19.2888
         99.8000         18.9305
         99.8500         14.1982
         99.9000         10.1160
         99.9500          7.1945
        100.0000          6.1316
        100.0500          6.5588
        100.1000          7.1047
        100.1500          7.3293
        100.2000          6.4497
        100.2500          4.9019
        100.3000          3.8489
        100.3500          3.8770
        100.4000          4.4951
        100.4500          4.9259
        100.5000          5.3747
        100.5500          6.1183
        100.6000          6.8197
        100.6500          6.4376
        100.7000          5.9348
        100.7500          5.5596
        100.8000          5.5508
        100.8500          6.3033
        100.9000          7.4002
        100.9500          8.0066
        101.0000          8.1557
        101.0500          9.4864
        101.1000         13.4200
        101.1500         16.7058
        101.2000         16.4947
        101.2500         14.3447
        101.3000         13.7708
        101.3500         18.6081
        101.4000         28.4933
        101.4500         33.5274
        101.5000         25.0593
        101.5500         16.7627
        101.6000         14.0137
        101.6500         11.3739
        101.7000          7.9984
        101.7500          5.8145
        101.8000          4.6836
        101.8500          3.8339
        101.9000          3.3526
        101.9500          3.7934
        102.0000          4.8461
        102.0500          5.2573
        102.1000          4.9744
        102.1500          4.6711
        102.2000          4.5602
        102.2500          5.0135
        102.3000          5.5089
        102.3500          5.2435
        102.4000          4.4131
        102.4500          3.9233
        102.5000          4.5904
        102.5500          6.1596
        102.6000          7.3083
        102.6500          8.1040
        102.7000          9.9187
        102.7500         10.9436
        102.8000          8.4077
        102.8500          5.8911
        102.9000          5.0848
        102.9500          4.9604
        103.0000          4.9581
        103.0500          5.3021
        103.1000          5.9580
        103.1500          6.8934
        103.2000          7.3080
        103.2500          6.0609
        103.3000          5.0683
        103.3500          4.7395
        103.4000          3.9893
        103.4500          3.1569
        103.5000          2.7939
        103.5500          3.0699
        103.6000          3.7278
        103.6500          4.3250
        103.7000          4.4302
        103.7500          4.0283
        103.8000          3.8287
        103.8500          4.2090
        103.9000          4.3709
        103.9500          3.9078
        104.0000          3.0499
        104.0500          2.4146
        104.1000          2.3020
        104.1500          2.6002
        104.2000          2.9447
        104.2500          3.4144
        104.3000          3.7505
        104.3500          3.3348
        104.4000          2.7338
        104.4500          2.4305
        104.5000          2.4252
        104.5500          2.8576
        104.6000          3.4272
        104.6500          4.1525
        104.7000          5.2911
        104.7500          5.4792
        104.8000          4.3990
        104.8500          3.8266
        104.9000          3.9470
        104.9500          4.2469
        105.0000          5.1196
        105.0500          6.3014
        105.1000          6.2003
        105.1500          5.5455
        105.2000          5.0983
        105.2500          4.3737
        105.3000          3.4001
        105.3500          2.5903
        105.4000          2.4393
        105.4500          2.7635
        105.5000          3.2428
        105.5500          4.2522
        105.6000          6.5721
        105.6500         10.7280
        105.7000         14.4827
        105.7500         12.7596
        105.8000          8.9914
        105.8500          7.6367
        105.9000          8.4317
        105.9500          8.1982
        106.0000          5.9897
        106.0500          4.3087
        106.1000          3.9484
        106.1500          4.7916
        106.2000          6.8163
        106.2500          8.9162
        106.3000         10.2587
        106.3500         12.3772
        106.4000         12.9450
        106.4500         11.2645
        106.5000         10.9857
        106.5500         12.0294
        106.6000         10.0098
        106.6500          6.3939
        106.7000          4.1182
        106.7500          3.2530
        106.8000          2.9978
        106.8500          2.6181
        106.9000          2.2222
        106.9500          2.0434
        107.0000          2.1428
        107.0500          2.5053
        107.1000          2.9713
        107.1500          3.9227
        107.2000          5.2370
        107.2500          5.3063
        107.3000          4.3238
        107.3500          3.6647
        107.4000          3.6569
        107.4500          4.2671
        107.5000          5.3083
        107.5500          6.4897
        107.6000          6.7977
        107.6500          6.5044
        107.7000          6.3176
        107.7500          5.3385
        107.8000          4.1336
        107.8500          3.5863
        107.9000          4.0795
        107.9500          5.4779
        108.0000          6.6545
        108.0500          5.7014
        108.1000          4.2075
        108.1500          3.6099
        108.2000          4.2174
        108.2500          5.7715
        108.3000          7.3072
        108.3500          7.4614
        108.4000          6.4549
        108.4500          5.2824
        108.5000          4.1572
        108.5500          3.2180
        108.6000          3.2280
        108.6500          4.4247
        108.7000          5.7330
        108.7500          5.0760
        108.8000          3.7762
        108.8500          3.5755
        108.9000          4.5874
        108.9500          6.8226
        109.0000         10.0692
        109.0500         11.7855
        109.1000          8.9158
        109.1500          5.4140
        109.2000          3.3872
        109.2500          2.6405
        109.3000          2.7185
        109.3500          3.3723
        109.4000          4.4491
        109.4500          5.9181
        109.5000          7.2452
        109.5500          6.6398
        109.6000          4.5824
        109.6500          3.1422
        109.7000          2.7190
        109.7500          2.7880
        109.8000          3.0904
        109.8500          3.5362
        109.9000          4.2328
        109.9500          5.0443
        110.0000          5.0453
        110.0500          3.9286
        110.1000          3.2615
        110.1500          3.2239
        110.2000          3.0544
        110.2500          2.6559
        110.3000          2.2643
        110.3500          2.0503
        110.4000          2.0929
        110.4500          2.4369
        110.5000          2.5477
        110.5500          2.4016
        110.6000          2.1766
        110.6500          2.0308
        110.7000          2.3518
        110.7500          3.3736
        110.8000          4.6445
        110.8500          5.0882
        110.9000          4.6169
        110.9500          3.8667
        111.0000          3.5511
        111.0500          3.6447
        111.1000          3.4769
        111.1500          2.9690
        111.2000          2.5136
        111.2500          2.2888
        111.3000          2.2758
        111.3500          2.2177
        111.4000          2.1808
        111.4500          2.3459
        111.5000          2.3097
        111.5500          2.1496
        111.6000          2.1780
        111.6500          2.1174
        111.7000          2.1183
        111.7500          2.3688
        111.8000          2.6818
        111.8500          2.9619
        111.9000          3.6160
        111.9500          5.4714
        112.0000          8.8818
        112.0500         11.8331
        112.1000         10.4161
        112.1500          7.3489
        112.2000          5.5995
        112.2500          5.2076
        112.3000          4.6576
        112.3500          3.5368
        112.4000          2.6925
        112.4500          2.3167
        112.5000          2.1983
        112.5500          2.4302
        112.6000          3.5581
        112.6500          5.7923
        112.7000          7.3883
        112.7500          5.9003
        112.8000          3.7805
        112.8500          2.7864
        112.9000          2.3868
        112.9500          2.1679
        113.0000          2.1067
        113.0500          2.1720
        113.1000          2.2101
        113.1500          1.9969
        113.2000          1.7442
        113.2500          1.5078
        113.3000          1.4054
        113.3500          1.5226
        113.4000          1.6788
        113.4500          1.8107
        113.5000          1.9285
        113.5500          2.1110
        113.6000          2.4577
        113.6500          3.1184
        113.7000          4.8209
        113.7500          7.6423
        113.8000          9.2173
        113.8500          7.5551
        113.9000          5.3221
        113.9500          4.0277
        114.0000          3.2587
        114.0500          2.6241
        114.1000          2.1982
        114.1500          2.1262
        114.2000          2.3504
        114.2500          2.7042
        114.3000          3.2478
        114.3500          4.2489
        114.4000          5.5802
        114.4500          7.0483
        114.5000          9.4389
        114.5500         12.2576
        114.6000         11.6278
        114.6500          8.7449
        114.7000          7.1005
        114.7500          7.4537
        114.8000          8.0942
        114.8500          6.6321
        114.9000          4.5197
        114.9500          3.3444
        115.0000          3.1457
        115.0500          3.7213
        115.1000          5.3766
        115.1500          8.2494
        115.2000         10.4230
        115.2500          8.6437
        115.3000          5.6143
        115.3500          4.1126
        115.4000          3.8080
        115.4500          3.6739
        115.5000          3.2383
        115.5500          2.8172
        115.6000          2.6450
        115.6500          2.6065
        115.7000          2.5759
        115.7500          2.4893
        115.8000          2.4439
        115.8500          2.5348
        115.9000          2.8717
        115.9500          3.7489
        116.0000          5.9043
        116.0500          9.6079
        116.1000         12.6477
        116.1500         12.8081
        116.2000         10.1424
        116.2500          6.3355
        116.3000          3.8742
        116.3500          2.7857
        116.4000          2.3716
        116.4500          2.1247
        116.5000          1.8908
        116.5500          1.8963
        116.6000          2.4359
        116.6500          3.6807
        116.7000          5.4631
        116.7500          6.7681
        116.8000          7.2186
        116.8500          7.2712
        116.9000          7.1514
        116.9500          7.8159
        117.0000          9.0027
        117.0500          9.1056
        117.1000          7.0601
        117.1500          4.7824
        117.2000          3.5220
        117.2500          3.2007
        117.3000          3.4290
        117.3500          4.2923
        117.4000          6.6717
        117.4500         10.6533
        117.5000         13.5919
        117.5500         12.6326
        117.6000          9.6101
        117.6500          7.0049
        117.7000          4.9585
        117.7500          3.5884
        117.8000          3.0237
        117.8500          2.9283
        117.9000          2.8766
        117.9500          2.9994
        118.0000          3.8265
        118.0500          5.4444
        118.1000          6.7724
        118.1500          6.4526
        118.2000          5.4595
        118.2500          4.6929
        118.3000          4.2023
        118.3500          3.9301
        118.4000          3.8560
        118.4500          4.4891
        118.5000          6.6628
        118.5500         10.8906
        118.6000         15.2670
        118.6500         14.9015
        118.7000         10.4558
        118.7500          6.9888
        118.8000          5.0371
        118.8500          4.0520
        118.9000          3.9784
        118.9500          4.5642
        119.0000          5.0263
        119.0500          4.5845
        119.1000          3.7279
        119.1500          3.1940
        119.2000          3.0987
        119.2500          3.0751
        119.3000          2.6501
        119.3500          1.9837
        119.4000          1.5756
        119.4500          1.4901
        119.5000          1.6015
        119.5500          1.7546
        119.6000          1.7599
        119.6500          1.5632
        119.7000          1.3372
        119.7500          1.2598
        119.8000          1.4244
        119.8500          1.7600
        119.9000          2.1612
        119.9500          2.7062
        120.0000          3.3774
        120.0500          3.7985
        120.1000          3.9666
        120.1500          4.0936
        120.2000          4.3360
        120.2500          5.1917
        120.3000          6.0733
        120.3500          5.3450
        120.4000          4.0548
        120.4500          3.3950
        120.5000          3.2308
        120.5500          2.9356
        120.6000          2.5187
        120.6500          2.2597
        120.7000          2.1604
        120.7500          2.3183
        120.8000          2.9190
        120.8500          3.7299
        120.9000          3.9674
        120.9500          3.8303
        121.0000          3.9060
        121.0500          4.0345
        121.1000          3.9642
        121.1500          3.8214
        121.2000          4.2156
        121.2500          5.4679
        121.3000          7.1567
        121.3500          7.5263
        121.4000          6.2776
        121.4500          4.8079
        121.5000          3.3186
        121.5500          2.2834
        121.6000          1.7910
        121.6500          1.7697
        121.7000          2.0621
        121.7500          2.3252
        121.8000          2.3356
        121.8500          2.3787
        121.9000          2.7286
        121.9500          3.3459
        122.0000          3.5782
        122.0500          3.5370
        122.1000          3.3330
        122.1500          2.7941
        122.2000          2.3128
        122.2500          2.0062
        122.3000          1.9720
        122.3500          2.0184
        122.4000          1.8936
        122.4500          1.7061
        122.5000          1.5491
        122.5500          1.3605
        122.6000          1.2301
        122.6500          1.1962
        122.7000          1.2912
        122.7500          1.5249
        122.8000          1.7687
        122.8500          1.8195
        122.9000          1.6527
        122.9500          1.4849
        123.0000          1.5282
        123.0500          1.7402
        123.1000          1.9358
        123.1500          2.1751
        123.2000          2.6759
        123.2500          3.5283
        123.3000          4.1986
        123.3500          4.4788
        123.4000          4.1818
        123.4500          3.4926
        123.5000          2.9666
        123.5500          2.8345
        123.6000          2.9135
        123.6500          3.1153
        123.7000          3.1736
        123.7500          3.1275
        123.8000          3.1891
        123.8500          3.0898
        123.9000          2.6138
        123.9500          2.1068
        124.0000          1.9174
        124.0500          2.0708
        124.1000          2.4637
        124.1500          2.9272
        124.2000          3.0835
        124.2500          2.7290
        124.3000          2.2624
        124.3500          2.0785
        124.4000          2.1396
        124.4500          2.3118
        124.5000          2.8503
        124.5500          3.9635
        124.6000          5.3412
        124.6500          5.8899
        124.7000          5.2321
        124.7500          4.3941
        124.8000          3.7644
        124.8500          3.4740
        124.9000          3.2445
        124.9500          3.0740
        125.0000          2.8978
        125.0500          2.6818
        125.1000          2.7711
        125.1500          3.3387
        125.2000          4.5236
        125.2500          6.7522
        125.3000         10.1059
        125.3500         12.7820
        125.4000         13.7317
        125.4500         11.6895
        125.5000          7.4894
        125.5500          4.2494
        125.6000          2.6221
        125.6500          2.0467
        125.7000          1.9992
        125.7500          2.1855
        125.8000          2.2648
        125.8500          2.2229
        125.9000          2.4624
        125.9500          3.1813
        126.0000          4.0325
        126.0500          4.0729
        126.1000          3.2660
        126.1500          2.7612
        126.2000          2.9821
        126.2500          3.6697
        126.3000          3.9250
        126.3500          3.4756
        126.4000          2.9948
        126.4500          2.7654
        126.5000          2.5309
        126.5500          2.1497
        126.6000          1.7459
        126.6500          1.5480
        126.7000          1.5502
        126.7500          1.6945
        126.8000          1.9080
        126.8500          2.0948
        126.9000          2.3254
        126.9500          2.5816
        127.0000          2.4013
        127.0500          1.8920
        127.1000          1.5665
        127.1500          1.5376
        127.2000          1.6616
        127.2500          1.7170
        127.3000          1.6053
        127.3500          1.5055
        127.4000          1.5771
        127.4500          1.6707
        127.5000          1.6893
        127.5500          1.8181
        127.6000          2.1457
        127.6500          2.5945
        127.7000          3.0539
        127.7500          3.1755
        127.8000          3.4455
        127.8500          4.4449
        127.9000          5.4999
        127.9500          5.2464
        128.0000          4.2520
        128.0500          3.1724
        128.1000          2.2118
        128.1500          1.6428
        128.2000          1.4878
        128.2500          1.5744
        128.3000          1.6215
        128.3500          1.4786
        128.4000          1.3277
        128.4500          1.2945
        128.5000          1.4000
        128.5500          1.6494
        128.6000          1.9581
        128.6500          2.2268
        128.7000          2.3404
        128.7500          2.3999
        128.8000          2.6071
        128.8500          3.1557
        128.9000          4.1950
        128.9500          5.3938
        129.0000          6.0781
        129.0500          5.5254
        129.1000          4.6033
        129.1500          4.5020
        129.2000          5.0425
        129.2500          4.7330
        129.3000          3.7154
        129.3500          3.0153
        129.4000          2.5482
        129.4500          2.1228
        129.5000          1.8734
        129.5500          1.9228
        129.6000          2.2682
        129.6500          2.5443
        129.7000          2.5893
        129.7500          2.5041
        129.8000          2.1821
        129.8500          1.8219
        129.9000          1.5932
        129.9500          1.6553
        130.0000          2.0867
        130.0500          2.9732
        130.1000          4.2672
        130.1500          5.1196
        130.2000          4.5621
        130.2500          3.7644
        130.3000          3.2882
        130.3500          2.7599
        130.4000          2.3139
        130.4500          2.1372
        130.5000          2.0224
        130.5500          1.7757
        130.6000          1.5322
        130.6500          1.3461
        130.7000          1.2243
        130.7500          1.1989
        130.8000          1.2923
        130.8500          1.4617
        130.9000          1.6247
        130.9500          1.8184
        131.0000          2.0931
        131.0500          2.2414
        131.1000          2.1936
        131.1500          1.9146
        131.2000          1.5809
        131.2500          1.3773
        131.3000          1.3321
        131.3500          1.3683
        131.4000          1.5089
        131.4500          1.8908
        131.5000          2.4888
        131.5500          3.1279
        131.6000          3.5953
        131.6500          3.5233
        131.7000          3.2961
        131.7500          3.2283
        131.8000          2.8713
        131.8500          2.2490
        131.9000          1.6798
        131.9500          1.2843
        132.0000          1.0908
        132.0500          1.0385
        132.1000          1.0382
        132.1500          1.0415
        132.2000          1.0612
        132.2500          1.1166
        132.3000          1.2689
        132.3500          1.5053
        132.4000          1.7106
        132.4500          1.6915
        132.5000          1.5014
        132.5500          1.4155
        132.6000          1.4600
        132.6500          1.4865
        132.7000          1.4818
        132.7500          1.4203
        132.8000          1.2770
        132.8500          1.2308
        132.9000          1.4605
        132.9500          1.9927
        133.0000          2.5362
        133.0500          2.6155
        133.1000          2.4111
        133.1500          2.3530
        133.2000          2.5313
        133.2500          2.8462
        133.3000          3.1299
        133.3500          3.3748
        133.4000          3.6712
        133.4500          4.1220
        133.5000          4.9298
        133.5500          5.3807
        133.6000          4.6018
        133.6500          3.5156
        133.7000          2.6062
        133.7500          1.9907
        133.8000          1.7024
        133.8500          1.6623
        133.9000          1.6949
        133.9500          1.6522
        134.0000          1.5959
        134.0500          1.5158
        134.1000          1.3880
        134.1500          1.3639
        134.2000          1.5558
        134.2500          1.9859
        134.3000          2.4708
        134.3500          2.6824
        134.4000          2.7343
        134.4500          2.8096
        134.5000          2.6116
        134.5500          2.2597
        134.6000          1.9494
        134.6500          1.7572
        134.7000          1.7292
        134.7500          1.8577
        134.8000          2.2105
        134.8500          3.0204
        134.9000          4.2279
        134.9500          4.9343
        135.0000          4.2507
